[ 2016-09-24T10:26:29+08:00 ] 127.0.0.1 /index.php/Home/User/test4
INFO: [ app_init ] --START--
INFO: Run Behavior\BuildLiteBehavior [ RunTime:0.000000s ]
INFO: [ app_init ] --END-- [ RunTime:0.000000s ]
INFO: [ app_begin ] --START--
INFO: Run Behavior\ReadHtmlCacheBehavior [ RunTime:0.000000s ]
INFO: [ app_begin ] --END-- [ RunTime:0.000000s ]
NOTIC: [8192] mysql_connect(): The mysql extension is deprecated and will be removed in the future: use mysqli or PDO instead E:\php\tpshop\ThinkPHP\Library\Think\Session\Driver\Db.class.php 第 96 行.
NOTIC: [8] Undefined index: HTTP_USER_AGENT E:\php\tpshop\App\Common\Common\function.php 第 140 行.
NOTIC: [8] Undefined index: HTTP_USER_AGENT E:\php\tpshop\App\Common\Common\function.php 第 148 行.
NOTIC: [8] Undefined index: HTTP_USER_AGENT E:\php\tpshop\App\Common\Common\function.php 第 162 行.
NOTIC: [8] Undefined index: HTTP_USER_AGENT E:\php\tpshop\App\Common\Common\function.php 第 163 行.
INFO: [ app_end ] --START--
INFO: Run Behavior\ShowPageTraceBehavior [ RunTime:0.000000s ]
INFO: [ app_end ] --END-- [ RunTime:0.000000s ]

[ 2016-09-24T10:27:06+08:00 ] 127.0.0.1 /index.php/Home/User/test4
INFO: [ app_init ] --START--
INFO: Run Behavior\BuildLiteBehavior [ RunTime:0.000000s ]
INFO: [ app_init ] --END-- [ RunTime:0.000000s ]
INFO: [ app_begin ] --START--
INFO: Run Behavior\ReadHtmlCacheBehavior [ RunTime:0.000000s ]
INFO: [ app_begin ] --END-- [ RunTime:0.000000s ]
NOTIC: [8192] mysql_connect(): The mysql extension is deprecated and will be removed in the future: use mysqli or PDO instead E:\php\tpshop\ThinkPHP\Library\Think\Session\Driver\Db.class.php 第 96 行.
NOTIC: [8] Undefined index: HTTP_USER_AGENT E:\php\tpshop\App\Common\Common\function.php 第 140 行.
NOTIC: [8] Undefined index: HTTP_USER_AGENT E:\php\tpshop\App\Common\Common\function.php 第 148 行.
NOTIC: [8] Undefined index: HTTP_USER_AGENT E:\php\tpshop\App\Common\Common\function.php 第 162 行.
NOTIC: [8] Undefined index: HTTP_USER_AGENT E:\php\tpshop\App\Common\Common\function.php 第 163 行.
INFO: [ app_end ] --START--
INFO: Run Behavior\ShowPageTraceBehavior [ RunTime:0.000000s ]
INFO: [ app_end ] --END-- [ RunTime:0.000000s ]

[ 2016-09-24T10:28:34+08:00 ] 127.0.0.1 /index.php/home/user/test3
INFO: [ app_init ] --START--
INFO: Run Behavior\BuildLiteBehavior [ RunTime:0.001000s ]
INFO: [ app_init ] --END-- [ RunTime:0.001000s ]
INFO: [ app_begin ] --START--
INFO: Run Behavior\ReadHtmlCacheBehavior [ RunTime:0.001000s ]
INFO: [ app_begin ] --END-- [ RunTime:0.001000s ]
NOTIC: [8192] mysql_connect(): The mysql extension is deprecated and will be removed in the future: use mysqli or PDO instead E:\php\tpshop\ThinkPHP\Library\Think\Session\Driver\Db.class.php 第 96 行.
INFO: [ app_end ] --START--
INFO: Run Behavior\ShowPageTraceBehavior [ RunTime:0.001000s ]
INFO: [ app_end ] --END-- [ RunTime:0.001000s ]

[ 2016-09-24T10:28:35+08:00 ] 127.0.0.1 /index.php/Home/User/test4
INFO: [ app_init ] --START--
INFO: Run Behavior\BuildLiteBehavior [ RunTime:0.000000s ]
INFO: [ app_init ] --END-- [ RunTime:0.001000s ]
INFO: [ app_begin ] --START--
INFO: Run Behavior\ReadHtmlCacheBehavior [ RunTime:0.001000s ]
INFO: [ app_begin ] --END-- [ RunTime:0.001000s ]
NOTIC: [8192] mysql_connect(): The mysql extension is deprecated and will be removed in the future: use mysqli or PDO instead E:\php\tpshop\ThinkPHP\Library\Think\Session\Driver\Db.class.php 第 96 行.
NOTIC: [8] Undefined index: HTTP_USER_AGENT E:\php\tpshop\App\Common\Common\function.php 第 140 行.
NOTIC: [8] Undefined index: HTTP_USER_AGENT E:\php\tpshop\App\Common\Common\function.php 第 148 行.
NOTIC: [8] Undefined index: HTTP_USER_AGENT E:\php\tpshop\App\Common\Common\function.php 第 162 行.
NOTIC: [8] Undefined index: HTTP_USER_AGENT E:\php\tpshop\App\Common\Common\function.php 第 163 行.
INFO: [ app_end ] --START--
INFO: Run Behavior\ShowPageTraceBehavior [ RunTime:0.001000s ]
INFO: [ app_end ] --END-- [ RunTime:0.001000s ]

[ 2016-09-24T10:29:52+08:00 ] 127.0.0.1 /index.php/Home/User/test4
INFO: [ app_init ] --START--
INFO: Run Behavior\BuildLiteBehavior [ RunTime:0.000000s ]
INFO: [ app_init ] --END-- [ RunTime:0.000000s ]
INFO: [ app_begin ] --START--
INFO: Run Behavior\ReadHtmlCacheBehavior [ RunTime:0.000000s ]
INFO: [ app_begin ] --END-- [ RunTime:0.000000s ]
NOTIC: [8192] mysql_connect(): The mysql extension is deprecated and will be removed in the future: use mysqli or PDO instead E:\php\tpshop\ThinkPHP\Library\Think\Session\Driver\Db.class.php 第 96 行.
NOTIC: [8] Undefined index: HTTP_USER_AGENT E:\php\tpshop\App\Common\Common\function.php 第 140 行.
NOTIC: [8] Undefined index: HTTP_USER_AGENT E:\php\tpshop\App\Common\Common\function.php 第 148 行.
NOTIC: [8] Undefined index: HTTP_USER_AGENT E:\php\tpshop\App\Common\Common\function.php 第 162 行.
NOTIC: [8] Undefined index: HTTP_USER_AGENT E:\php\tpshop\App\Common\Common\function.php 第 163 行.
INFO: [ app_end ] --START--
INFO: Run Behavior\ShowPageTraceBehavior [ RunTime:0.000000s ]
INFO: [ app_end ] --END-- [ RunTime:0.000000s ]

[ 2016-09-24T10:30:16+08:00 ] 127.0.0.1 /index.php/Home/User/test4
INFO: [ app_init ] --START--
INFO: Run Behavior\BuildLiteBehavior [ RunTime:0.000000s ]
INFO: [ app_init ] --END-- [ RunTime:0.000000s ]
INFO: [ app_begin ] --START--
INFO: Run Behavior\ReadHtmlCacheBehavior [ RunTime:0.000000s ]
INFO: [ app_begin ] --END-- [ RunTime:0.000000s ]
NOTIC: [8192] mysql_connect(): The mysql extension is deprecated and will be removed in the future: use mysqli or PDO instead E:\php\tpshop\ThinkPHP\Library\Think\Session\Driver\Db.class.php 第 96 行.
NOTIC: [8] Undefined index: HTTP_USER_AGENT E:\php\tpshop\App\Common\Common\function.php 第 140 行.
NOTIC: [8] Undefined index: HTTP_USER_AGENT E:\php\tpshop\App\Common\Common\function.php 第 148 行.
NOTIC: [8] Undefined index: HTTP_USER_AGENT E:\php\tpshop\App\Common\Common\function.php 第 162 行.
NOTIC: [8] Undefined index: HTTP_USER_AGENT E:\php\tpshop\App\Common\Common\function.php 第 163 行.
INFO: [ app_end ] --START--
INFO: Run Behavior\ShowPageTraceBehavior [ RunTime:0.000000s ]
INFO: [ app_end ] --END-- [ RunTime:0.000000s ]

[ 2016-09-24T10:31:21+08:00 ] 127.0.0.1 /index.php/Home/User/test4
INFO: [ app_begin ] --START--
INFO: Run Behavior\ReadHtmlCacheBehavior [ RunTime:0.010000s ]
INFO: [ app_begin ] --END-- [ RunTime:0.010000s ]
NOTIC: [8192] mysql_connect(): The mysql extension is deprecated and will be removed in the future: use mysqli or PDO instead E:\php\tpshop\ThinkPHP\Library\Think\Session\Driver\Db.class.php 第 96 行.
NOTIC: [8] Undefined index: HTTP_USER_AGENT E:\php\tpshop\App\Common\Common\function.php 第 140 行.
NOTIC: [8] Undefined index: HTTP_USER_AGENT E:\php\tpshop\App\Common\Common\function.php 第 148 行.
NOTIC: [8] Undefined index: HTTP_USER_AGENT E:\php\tpshop\App\Common\Common\function.php 第 162 行.
NOTIC: [8] Undefined index: HTTP_USER_AGENT E:\php\tpshop\App\Common\Common\function.php 第 163 行.
INFO: [ app_end ] --START--
INFO: Run Behavior\ShowPageTraceBehavior [ RunTime:0.000000s ]
INFO: [ app_end ] --END-- [ RunTime:0.000000s ]

