[ 2016-10-25T13:33:41+08:00 ] 127.0.0.1 /index.php/Home/Region/getProvince.html
INFO: [ app_begin ] --START--
INFO: Run Behavior\ReadHtmlCacheBehavior [ RunTime:0.000000s ]
INFO: [ app_begin ] --END-- [ RunTime:0.000000s ]
NOTIC: [8192] mysql_connect(): The mysql extension is deprecated and will be removed in the future: use mysqli or PDO instead E:\php\tpshop\ThinkPHP\Library\Think\Session\Driver\Db.class.php 第 96 行.
SQL: SHOW COLUMNS FROM `tp_region` [ RunTime:0.0100s ]
SQL: SELECT * FROM `tp_region` WHERE `region_type` = 1 AND `parent_id` = 1  [ RunTime:0.0200s ]
INFO: [ app_end ] --START--
INFO: Run Behavior\ShowPageTraceBehavior [ RunTime:0.000000s ]
INFO: [ app_end ] --END-- [ RunTime:0.000000s ]

[ 2016-10-25T13:33:42+08:00 ] 127.0.0.1 /index.php/Home/Region/getCity.html
INFO: [ app_begin ] --START--
INFO: Run Behavior\ReadHtmlCacheBehavior [ RunTime:0.000000s ]
INFO: [ app_begin ] --END-- [ RunTime:0.000000s ]
NOTIC: [8192] mysql_connect(): The mysql extension is deprecated and will be removed in the future: use mysqli or PDO instead E:\php\tpshop\ThinkPHP\Library\Think\Session\Driver\Db.class.php 第 96 行.
SQL: SHOW COLUMNS FROM `tp_region` [ RunTime:0.0000s ]
SQL: SELECT * FROM `tp_region` WHERE `region_type` = 2 AND `parent_id` = 4  [ RunTime:0.0000s ]
INFO: [ app_end ] --START--
INFO: Run Behavior\ShowPageTraceBehavior [ RunTime:0.000000s ]
INFO: [ app_end ] --END-- [ RunTime:0.000000s ]

[ 2016-10-25T13:33:43+08:00 ] 127.0.0.1 /index.php/Home/Region/getTown.html
INFO: [ app_begin ] --START--
INFO: Run Behavior\ReadHtmlCacheBehavior [ RunTime:0.000000s ]
INFO: [ app_begin ] --END-- [ RunTime:0.000000s ]
NOTIC: [8192] mysql_connect(): The mysql extension is deprecated and will be removed in the future: use mysqli or PDO instead E:\php\tpshop\ThinkPHP\Library\Think\Session\Driver\Db.class.php 第 96 行.
SQL: SHOW COLUMNS FROM `tp_region` [ RunTime:0.0000s ]
SQL: SELECT * FROM `tp_region` WHERE `region_type` = 3 AND `parent_id` = 55  [ RunTime:0.0000s ]
INFO: [ app_end ] --START--
INFO: Run Behavior\ShowPageTraceBehavior [ RunTime:0.000000s ]
INFO: [ app_end ] --END-- [ RunTime:0.000000s ]

[ 2016-10-25T13:33:46+08:00 ] 127.0.0.1 /index.php/Home/Region/getProvince.html
INFO: [ app_begin ] --START--
INFO: Run Behavior\ReadHtmlCacheBehavior [ RunTime:0.000000s ]
INFO: [ app_begin ] --END-- [ RunTime:0.000000s ]
NOTIC: [8192] mysql_connect(): The mysql extension is deprecated and will be removed in the future: use mysqli or PDO instead E:\php\tpshop\ThinkPHP\Library\Think\Session\Driver\Db.class.php 第 96 行.
INFO: [ app_end ] --START--
INFO: Run Behavior\ShowPageTraceBehavior [ RunTime:0.000000s ]
INFO: [ app_end ] --END-- [ RunTime:0.000000s ]

[ 2016-10-25T13:34:41+08:00 ] 127.0.0.1 /index.php/Home/Region/getProvince.html
INFO: [ app_begin ] --START--
INFO: Run Behavior\ReadHtmlCacheBehavior [ RunTime:0.000000s ]
INFO: [ app_begin ] --END-- [ RunTime:0.000000s ]
NOTIC: [8192] mysql_connect(): The mysql extension is deprecated and will be removed in the future: use mysqli or PDO instead E:\php\tpshop\ThinkPHP\Library\Think\Session\Driver\Db.class.php 第 96 行.
SQL: SHOW COLUMNS FROM `tp_region` [ RunTime:0.0000s ]
SQL: SELECT * FROM `tp_region` WHERE `region_type` = 1 AND `parent_id` = 1  [ RunTime:0.0100s ]
INFO: [ app_end ] --START--
INFO: Run Behavior\ShowPageTraceBehavior [ RunTime:0.000000s ]
INFO: [ app_end ] --END-- [ RunTime:0.000000s ]

[ 2016-10-25T13:34:42+08:00 ] 127.0.0.1 /index.php/Home/Region/getCity.html
INFO: [ app_begin ] --START--
INFO: Run Behavior\ReadHtmlCacheBehavior [ RunTime:0.000000s ]
INFO: [ app_begin ] --END-- [ RunTime:0.000000s ]
NOTIC: [8192] mysql_connect(): The mysql extension is deprecated and will be removed in the future: use mysqli or PDO instead E:\php\tpshop\ThinkPHP\Library\Think\Session\Driver\Db.class.php 第 96 行.
SQL: SHOW COLUMNS FROM `tp_region` [ RunTime:0.0000s ]
SQL: SELECT * FROM `tp_region` WHERE `region_type` = 2 AND `parent_id` = 8  [ RunTime:0.0000s ]
INFO: [ app_end ] --START--
INFO: Run Behavior\ShowPageTraceBehavior [ RunTime:0.000000s ]
INFO: [ app_end ] --END-- [ RunTime:0.000000s ]

[ 2016-10-25T13:34:44+08:00 ] 127.0.0.1 /index.php/Home/Region/getTown.html
INFO: [ app_begin ] --START--
INFO: Run Behavior\ReadHtmlCacheBehavior [ RunTime:0.000000s ]
INFO: [ app_begin ] --END-- [ RunTime:0.000000s ]
NOTIC: [8192] mysql_connect(): The mysql extension is deprecated and will be removed in the future: use mysqli or PDO instead E:\php\tpshop\ThinkPHP\Library\Think\Session\Driver\Db.class.php 第 96 行.
SQL: SHOW COLUMNS FROM `tp_region` [ RunTime:0.0100s ]
SQL: SELECT * FROM `tp_region` WHERE `region_type` = 3 AND `parent_id` = 115  [ RunTime:0.0000s ]
INFO: [ app_end ] --START--
INFO: Run Behavior\ShowPageTraceBehavior [ RunTime:0.000000s ]
INFO: [ app_end ] --END-- [ RunTime:0.000000s ]

[ 2016-10-25T13:43:41+08:00 ] 127.0.0.1 /index.php/Home/Region/getProvince.html
INFO: [ app_begin ] --START--
INFO: Run Behavior\ReadHtmlCacheBehavior [ RunTime:0.000000s ]
INFO: [ app_begin ] --END-- [ RunTime:0.010000s ]
NOTIC: [8192] mysql_connect(): The mysql extension is deprecated and will be removed in the future: use mysqli or PDO instead E:\php\tpshop\ThinkPHP\Library\Think\Session\Driver\Db.class.php 第 96 行.
INFO: [ app_end ] --START--
INFO: Run Behavior\ShowPageTraceBehavior [ RunTime:0.000000s ]
INFO: [ app_end ] --END-- [ RunTime:0.000000s ]

[ 2016-10-25T13:43:53+08:00 ] 127.0.0.1 /index.php/Home/Region/getProvince.html
INFO: [ app_begin ] --START--
INFO: Run Behavior\ReadHtmlCacheBehavior [ RunTime:0.000000s ]
INFO: [ app_begin ] --END-- [ RunTime:0.010000s ]
NOTIC: [8192] mysql_connect(): The mysql extension is deprecated and will be removed in the future: use mysqli or PDO instead E:\php\tpshop\ThinkPHP\Library\Think\Session\Driver\Db.class.php 第 96 行.
SQL: SHOW COLUMNS FROM `tp_region` [ RunTime:0.0000s ]
SQL: SELECT * FROM `tp_region` WHERE `region_type` = 1 AND `parent_id` = 1  [ RunTime:0.0000s ]
INFO: [ app_end ] --START--
INFO: Run Behavior\ShowPageTraceBehavior [ RunTime:0.000000s ]
INFO: [ app_end ] --END-- [ RunTime:0.000000s ]

[ 2016-10-25T13:43:54+08:00 ] 127.0.0.1 /index.php/Home/Region/getCity.html
INFO: [ app_begin ] --START--
INFO: Run Behavior\ReadHtmlCacheBehavior [ RunTime:0.000000s ]
INFO: [ app_begin ] --END-- [ RunTime:0.010000s ]
NOTIC: [8192] mysql_connect(): The mysql extension is deprecated and will be removed in the future: use mysqli or PDO instead E:\php\tpshop\ThinkPHP\Library\Think\Session\Driver\Db.class.php 第 96 行.
SQL: SHOW COLUMNS FROM `tp_region` [ RunTime:0.0000s ]
SQL: SELECT * FROM `tp_region` WHERE `region_type` = 2 AND `parent_id` = 2  [ RunTime:0.0000s ]
INFO: [ app_end ] --START--
INFO: Run Behavior\ShowPageTraceBehavior [ RunTime:0.000000s ]
INFO: [ app_end ] --END-- [ RunTime:0.000000s ]

[ 2016-10-25T13:44:14+08:00 ] 127.0.0.1 /index.php/Home/Region/getProvince.html
INFO: [ app_begin ] --START--
INFO: Run Behavior\ReadHtmlCacheBehavior [ RunTime:0.000000s ]
INFO: [ app_begin ] --END-- [ RunTime:0.000000s ]
NOTIC: [8192] mysql_connect(): The mysql extension is deprecated and will be removed in the future: use mysqli or PDO instead E:\php\tpshop\ThinkPHP\Library\Think\Session\Driver\Db.class.php 第 96 行.
INFO: [ app_end ] --START--
INFO: Run Behavior\ShowPageTraceBehavior [ RunTime:0.000000s ]
INFO: [ app_end ] --END-- [ RunTime:0.000000s ]

[ 2016-10-25T13:49:14+08:00 ] 127.0.0.1 /index.php/Home/Region/getProvince.html
INFO: [ app_begin ] --START--
INFO: Run Behavior\ReadHtmlCacheBehavior [ RunTime:0.000000s ]
INFO: [ app_begin ] --END-- [ RunTime:0.000000s ]
NOTIC: [8192] mysql_connect(): The mysql extension is deprecated and will be removed in the future: use mysqli or PDO instead E:\php\tpshop\ThinkPHP\Library\Think\Session\Driver\Db.class.php 第 96 行.
SQL: SHOW COLUMNS FROM `tp_region` [ RunTime:0.0100s ]
SQL: SELECT * FROM `tp_region` WHERE `region_type` = 1 AND `parent_id` = 1  [ RunTime:0.0000s ]
INFO: [ app_end ] --START--
INFO: Run Behavior\ShowPageTraceBehavior [ RunTime:0.000000s ]
INFO: [ app_end ] --END-- [ RunTime:0.000000s ]

[ 2016-10-25T13:49:16+08:00 ] 127.0.0.1 /index.php/Home/Region/getCity.html
INFO: [ app_begin ] --START--
INFO: Run Behavior\ReadHtmlCacheBehavior [ RunTime:0.000000s ]
INFO: [ app_begin ] --END-- [ RunTime:0.000000s ]
NOTIC: [8192] mysql_connect(): The mysql extension is deprecated and will be removed in the future: use mysqli or PDO instead E:\php\tpshop\ThinkPHP\Library\Think\Session\Driver\Db.class.php 第 96 行.
SQL: SHOW COLUMNS FROM `tp_region` [ RunTime:0.0100s ]
SQL: SELECT * FROM `tp_region` WHERE `region_type` = 2 AND `parent_id` = 4  [ RunTime:0.0000s ]
INFO: [ app_end ] --START--
INFO: Run Behavior\ShowPageTraceBehavior [ RunTime:0.000000s ]
INFO: [ app_end ] --END-- [ RunTime:0.000000s ]

[ 2016-10-25T13:49:17+08:00 ] 127.0.0.1 /index.php/Home/Region/getTown.html
INFO: [ app_begin ] --START--
INFO: Run Behavior\ReadHtmlCacheBehavior [ RunTime:0.000000s ]
INFO: [ app_begin ] --END-- [ RunTime:0.000000s ]
NOTIC: [8192] mysql_connect(): The mysql extension is deprecated and will be removed in the future: use mysqli or PDO instead E:\php\tpshop\ThinkPHP\Library\Think\Session\Driver\Db.class.php 第 96 行.
SQL: SHOW COLUMNS FROM `tp_region` [ RunTime:0.0000s ]
SQL: SELECT * FROM `tp_region` WHERE `region_type` = 3 AND `parent_id` = 55  [ RunTime:0.0000s ]
INFO: [ app_end ] --START--
INFO: Run Behavior\ShowPageTraceBehavior [ RunTime:0.000000s ]
INFO: [ app_end ] --END-- [ RunTime:0.000000s ]

[ 2016-10-25T13:49:20+08:00 ] 127.0.0.1 /index.php/Home/Region/getProvince.html
INFO: [ app_begin ] --START--
INFO: Run Behavior\ReadHtmlCacheBehavior [ RunTime:0.000000s ]
INFO: [ app_begin ] --END-- [ RunTime:0.000000s ]
NOTIC: [8192] mysql_connect(): The mysql extension is deprecated and will be removed in the future: use mysqli or PDO instead E:\php\tpshop\ThinkPHP\Library\Think\Session\Driver\Db.class.php 第 96 行.
INFO: [ app_end ] --START--
INFO: Run Behavior\ShowPageTraceBehavior [ RunTime:0.000000s ]
INFO: [ app_end ] --END-- [ RunTime:0.010000s ]

[ 2016-10-25T13:53:53+08:00 ] 127.0.0.1 /index.php/Home/Region/getProvince.html
INFO: [ app_begin ] --START--
INFO: Run Behavior\ReadHtmlCacheBehavior [ RunTime:0.002000s ]
INFO: [ app_begin ] --END-- [ RunTime:0.003000s ]
NOTIC: [8192] mysql_connect(): The mysql extension is deprecated and will be removed in the future: use mysqli or PDO instead E:\php\tpshop\ThinkPHP\Library\Think\Session\Driver\Db.class.php 第 96 行.
SQL: SHOW COLUMNS FROM `tp_region` [ RunTime:0.0030s ]
SQL: SELECT * FROM `tp_region` WHERE `region_type` = 1 AND `parent_id` = 1  [ RunTime:0.0010s ]
INFO: [ app_end ] --START--
INFO: Run Behavior\ShowPageTraceBehavior [ RunTime:0.001000s ]
INFO: [ app_end ] --END-- [ RunTime:0.001000s ]

[ 2016-10-25T13:53:54+08:00 ] 127.0.0.1 /index.php/Home/Region/getCity.html
INFO: [ app_begin ] --START--
INFO: Run Behavior\ReadHtmlCacheBehavior [ RunTime:0.001000s ]
INFO: [ app_begin ] --END-- [ RunTime:0.002000s ]
NOTIC: [8192] mysql_connect(): The mysql extension is deprecated and will be removed in the future: use mysqli or PDO instead E:\php\tpshop\ThinkPHP\Library\Think\Session\Driver\Db.class.php 第 96 行.
SQL: SHOW COLUMNS FROM `tp_region` [ RunTime:0.0030s ]
SQL: SELECT * FROM `tp_region` WHERE `region_type` = 2 AND `parent_id` = 4  [ RunTime:0.0000s ]
INFO: [ app_end ] --START--
INFO: Run Behavior\ShowPageTraceBehavior [ RunTime:0.001000s ]
INFO: [ app_end ] --END-- [ RunTime:0.001000s ]

[ 2016-10-25T13:53:56+08:00 ] 127.0.0.1 /index.php/Home/Region/getTown.html
INFO: [ app_begin ] --START--
INFO: Run Behavior\ReadHtmlCacheBehavior [ RunTime:0.001001s ]
INFO: [ app_begin ] --END-- [ RunTime:0.002001s ]
NOTIC: [8192] mysql_connect(): The mysql extension is deprecated and will be removed in the future: use mysqli or PDO instead E:\php\tpshop\ThinkPHP\Library\Think\Session\Driver\Db.class.php 第 96 行.
SQL: SHOW COLUMNS FROM `tp_region` [ RunTime:0.0030s ]
SQL: SELECT * FROM `tp_region` WHERE `region_type` = 3 AND `parent_id` = 55  [ RunTime:0.0000s ]
INFO: [ app_end ] --START--
INFO: Run Behavior\ShowPageTraceBehavior [ RunTime:0.000000s ]
INFO: [ app_end ] --END-- [ RunTime:0.000000s ]

[ 2016-10-25T14:31:29+08:00 ] 127.0.0.1 /index.php/Home/Region/getCity.html
INFO: [ app_begin ] --START--
INFO: Run Behavior\ReadHtmlCacheBehavior [ RunTime:0.000000s ]
INFO: [ app_begin ] --END-- [ RunTime:0.001000s ]
NOTIC: [8192] mysql_connect(): The mysql extension is deprecated and will be removed in the future: use mysqli or PDO instead E:\php\tpshop\ThinkPHP\Library\Think\Session\Driver\Db.class.php 第 96 行.
SQL: SHOW COLUMNS FROM `tp_region` [ RunTime:0.0050s ]
SQL: SELECT * FROM `tp_region` WHERE `region_type` = 2 AND `parent_id` = 6  [ RunTime:0.0000s ]
INFO: [ app_end ] --START--
INFO: Run Behavior\ShowPageTraceBehavior [ RunTime:0.000000s ]
INFO: [ app_end ] --END-- [ RunTime:0.001000s ]

