[ 2016-10-14T08:43:17+08:00 ] 127.0.0.1 /index.php/home/region
ERR: 模板不存在:./App/Home/View/Region/index.phtml

[ 2016-10-14T08:43:59+08:00 ] 127.0.0.1 /index.php/Home/Region/getProvince.html
INFO: [ app_begin ] --START--
INFO: Run Behavior\ReadHtmlCacheBehavior [ RunTime:0.001000s ]
INFO: [ app_begin ] --END-- [ RunTime:0.001000s ]
NOTIC: [8192] mysql_connect(): The mysql extension is deprecated and will be removed in the future: use mysqli or PDO instead E:\php\tpshop\ThinkPHP\Library\Think\Session\Driver\Db.class.php 第 96 行.
SQL: SHOW COLUMNS FROM `tp_region` [ RunTime:0.0050s ]
SQL: SELECT * FROM `tp_region` WHERE `region_type` = 1 AND `parent_id` = 1  [ RunTime:0.0190s ]
INFO: [ app_end ] --START--
INFO: Run Behavior\ShowPageTraceBehavior [ RunTime:0.001000s ]
INFO: [ app_end ] --END-- [ RunTime:0.001000s ]

[ 2016-10-14T08:44:00+08:00 ] 127.0.0.1 /index.php/Home/Region/getCity.html
INFO: [ app_begin ] --START--
INFO: Run Behavior\ReadHtmlCacheBehavior [ RunTime:0.001000s ]
INFO: [ app_begin ] --END-- [ RunTime:0.001000s ]
NOTIC: [8192] mysql_connect(): The mysql extension is deprecated and will be removed in the future: use mysqli or PDO instead E:\php\tpshop\ThinkPHP\Library\Think\Session\Driver\Db.class.php 第 96 行.
SQL: SHOW COLUMNS FROM `tp_region` [ RunTime:0.0030s ]
SQL: SELECT * FROM `tp_region` WHERE `region_type` = 2 AND `parent_id` = 6  [ RunTime:0.0000s ]
INFO: [ app_end ] --START--
INFO: Run Behavior\ShowPageTraceBehavior [ RunTime:0.000000s ]
INFO: [ app_end ] --END-- [ RunTime:0.000000s ]

[ 2016-10-14T08:44:04+08:00 ] 127.0.0.1 /index.php/Home/Region/getTown.html
INFO: [ app_begin ] --START--
INFO: Run Behavior\ReadHtmlCacheBehavior [ RunTime:0.001000s ]
INFO: [ app_begin ] --END-- [ RunTime:0.002000s ]
NOTIC: [8192] mysql_connect(): The mysql extension is deprecated and will be removed in the future: use mysqli or PDO instead E:\php\tpshop\ThinkPHP\Library\Think\Session\Driver\Db.class.php 第 96 行.
SQL: SHOW COLUMNS FROM `tp_region` [ RunTime:0.0050s ]
SQL: SELECT * FROM `tp_region` WHERE `region_type` = 3 AND `parent_id` = 76  [ RunTime:0.0010s ]
INFO: [ app_end ] --START--
INFO: Run Behavior\ShowPageTraceBehavior [ RunTime:0.000000s ]
INFO: [ app_end ] --END-- [ RunTime:0.000000s ]

[ 2016-10-14T08:45:34+08:00 ] 127.0.0.1 /index.php/Home/Region/getProvince.html
INFO: [ app_begin ] --START--
INFO: Run Behavior\ReadHtmlCacheBehavior [ RunTime:0.000000s ]
INFO: [ app_begin ] --END-- [ RunTime:0.000000s ]
NOTIC: [8192] mysql_connect(): The mysql extension is deprecated and will be removed in the future: use mysqli or PDO instead E:\php\tpshop\ThinkPHP\Library\Think\Session\Driver\Db.class.php 第 96 行.
SQL: SHOW COLUMNS FROM `tp_region` [ RunTime:0.0000s ]
SQL: SELECT * FROM `tp_region` WHERE `region_type` = 1 AND `parent_id` = 1  [ RunTime:0.0000s ]
INFO: [ app_end ] --START--
INFO: Run Behavior\ShowPageTraceBehavior [ RunTime:0.000000s ]
INFO: [ app_end ] --END-- [ RunTime:0.000000s ]

[ 2016-10-14T08:45:35+08:00 ] 127.0.0.1 /index.php/Home/Region/getCity.html
INFO: [ app_begin ] --START--
INFO: Run Behavior\ReadHtmlCacheBehavior [ RunTime:0.000000s ]
INFO: [ app_begin ] --END-- [ RunTime:0.000000s ]
NOTIC: [8192] mysql_connect(): The mysql extension is deprecated and will be removed in the future: use mysqli or PDO instead E:\php\tpshop\ThinkPHP\Library\Think\Session\Driver\Db.class.php 第 96 行.
SQL: SHOW COLUMNS FROM `tp_region` [ RunTime:0.0156s ]
SQL: SELECT * FROM `tp_region` WHERE `region_type` = 2 AND `parent_id` = 3  [ RunTime:0.0000s ]
INFO: [ app_end ] --START--
INFO: Run Behavior\ShowPageTraceBehavior [ RunTime:0.000000s ]
INFO: [ app_end ] --END-- [ RunTime:0.000000s ]

[ 2016-10-14T08:45:36+08:00 ] 127.0.0.1 /index.php/Home/Region/getTown.html
INFO: [ app_begin ] --START--
INFO: Run Behavior\ReadHtmlCacheBehavior [ RunTime:0.000000s ]
INFO: [ app_begin ] --END-- [ RunTime:0.000000s ]
NOTIC: [8192] mysql_connect(): The mysql extension is deprecated and will be removed in the future: use mysqli or PDO instead E:\php\tpshop\ThinkPHP\Library\Think\Session\Driver\Db.class.php 第 96 行.
SQL: SHOW COLUMNS FROM `tp_region` [ RunTime:0.0000s ]
SQL: SELECT * FROM `tp_region` WHERE `region_type` = 3 AND `parent_id` = 38  [ RunTime:0.0000s ]
INFO: [ app_end ] --START--
INFO: Run Behavior\ShowPageTraceBehavior [ RunTime:0.000000s ]
INFO: [ app_end ] --END-- [ RunTime:0.000000s ]

[ 2016-10-14T08:45:40+08:00 ] 127.0.0.1 /index.php/Home/Region/getCity.html
INFO: [ app_begin ] --START--
INFO: Run Behavior\ReadHtmlCacheBehavior [ RunTime:0.000000s ]
INFO: [ app_begin ] --END-- [ RunTime:0.000000s ]
NOTIC: [8192] mysql_connect(): The mysql extension is deprecated and will be removed in the future: use mysqli or PDO instead E:\php\tpshop\ThinkPHP\Library\Think\Session\Driver\Db.class.php 第 96 行.
SQL: SHOW COLUMNS FROM `tp_region` [ RunTime:0.0000s ]
SQL: SELECT * FROM `tp_region` WHERE `region_type` = 2 AND `parent_id` = 6  [ RunTime:0.0000s ]
INFO: [ app_end ] --START--
INFO: Run Behavior\ShowPageTraceBehavior [ RunTime:0.000000s ]
INFO: [ app_end ] --END-- [ RunTime:0.000000s ]

[ 2016-10-14T08:45:44+08:00 ] 127.0.0.1 /index.php/Home/Region/getTown.html
INFO: [ app_begin ] --START--
INFO: Run Behavior\ReadHtmlCacheBehavior [ RunTime:0.000000s ]
INFO: [ app_begin ] --END-- [ RunTime:0.000000s ]
NOTIC: [8192] mysql_connect(): The mysql extension is deprecated and will be removed in the future: use mysqli or PDO instead E:\php\tpshop\ThinkPHP\Library\Think\Session\Driver\Db.class.php 第 96 行.
SQL: SHOW COLUMNS FROM `tp_region` [ RunTime:0.0156s ]
SQL: SELECT * FROM `tp_region` WHERE `region_type` = 3 AND `parent_id` = 77  [ RunTime:0.0000s ]
INFO: [ app_end ] --START--
INFO: Run Behavior\ShowPageTraceBehavior [ RunTime:0.000000s ]
INFO: [ app_end ] --END-- [ RunTime:0.000000s ]

[ 2016-10-14T09:06:29+08:00 ] 127.0.0.1 /index.php/Home/Region/getTown.html
INFO: [ app_begin ] --START--
INFO: Run Behavior\ReadHtmlCacheBehavior [ RunTime:0.000000s ]
INFO: [ app_begin ] --END-- [ RunTime:0.000000s ]
NOTIC: [8192] mysql_connect(): The mysql extension is deprecated and will be removed in the future: use mysqli or PDO instead E:\php\tpshop\ThinkPHP\Library\Think\Session\Driver\Db.class.php 第 96 行.
SQL: SHOW COLUMNS FROM `tp_region` [ RunTime:0.0000s ]
SQL: SELECT * FROM `tp_region` WHERE `region_type` = 3 AND `parent_id` = 79  [ RunTime:0.0000s ]
INFO: [ app_end ] --START--
INFO: Run Behavior\ShowPageTraceBehavior [ RunTime:0.000000s ]
INFO: [ app_end ] --END-- [ RunTime:0.000000s ]

[ 2016-10-14T09:07:41+08:00 ] 127.0.0.1 /index.php/Home/Region/getProvince.html
INFO: [ app_begin ] --START--
INFO: Run Behavior\ReadHtmlCacheBehavior [ RunTime:0.000000s ]
INFO: [ app_begin ] --END-- [ RunTime:0.000000s ]
NOTIC: [8192] mysql_connect(): The mysql extension is deprecated and will be removed in the future: use mysqli or PDO instead E:\php\tpshop\ThinkPHP\Library\Think\Session\Driver\Db.class.php 第 96 行.
INFO: [ app_end ] --START--
INFO: Run Behavior\ShowPageTraceBehavior [ RunTime:0.000000s ]
INFO: [ app_end ] --END-- [ RunTime:0.000000s ]

[ 2016-10-14T09:07:44+08:00 ] 127.0.0.1 /index.php/Home/Region/getProvince.html
INFO: [ app_begin ] --START--
INFO: Run Behavior\ReadHtmlCacheBehavior [ RunTime:0.000000s ]
INFO: [ app_begin ] --END-- [ RunTime:0.000000s ]
NOTIC: [8192] mysql_connect(): The mysql extension is deprecated and will be removed in the future: use mysqli or PDO instead E:\php\tpshop\ThinkPHP\Library\Think\Session\Driver\Db.class.php 第 96 行.
SQL: SHOW COLUMNS FROM `tp_region` [ RunTime:0.0156s ]
SQL: SELECT * FROM `tp_region` WHERE `region_type` = 1 AND `parent_id` = 1  [ RunTime:0.0000s ]
INFO: [ app_end ] --START--
INFO: Run Behavior\ShowPageTraceBehavior [ RunTime:0.000000s ]
INFO: [ app_end ] --END-- [ RunTime:0.000000s ]

[ 2016-10-14T09:07:48+08:00 ] 127.0.0.1 /index.php/Home/Region/getProvince.html
INFO: [ app_begin ] --START--
INFO: Run Behavior\ReadHtmlCacheBehavior [ RunTime:0.000000s ]
INFO: [ app_begin ] --END-- [ RunTime:0.000000s ]
NOTIC: [8192] mysql_connect(): The mysql extension is deprecated and will be removed in the future: use mysqli or PDO instead E:\php\tpshop\ThinkPHP\Library\Think\Session\Driver\Db.class.php 第 96 行.
INFO: [ app_end ] --START--
INFO: Run Behavior\ShowPageTraceBehavior [ RunTime:0.000000s ]
INFO: [ app_end ] --END-- [ RunTime:0.000000s ]

[ 2016-10-14T09:08:01+08:00 ] 127.0.0.1 /index.php/Home/Region/getProvince.html
INFO: [ app_begin ] --START--
INFO: Run Behavior\ReadHtmlCacheBehavior [ RunTime:0.000000s ]
INFO: [ app_begin ] --END-- [ RunTime:0.000000s ]
NOTIC: [8192] mysql_connect(): The mysql extension is deprecated and will be removed in the future: use mysqli or PDO instead E:\php\tpshop\ThinkPHP\Library\Think\Session\Driver\Db.class.php 第 96 行.
SQL: SHOW COLUMNS FROM `tp_region` [ RunTime:0.0000s ]
SQL: SELECT * FROM `tp_region` WHERE `region_type` = 1 AND `parent_id` = 1  [ RunTime:0.0000s ]
INFO: [ app_end ] --START--
INFO: Run Behavior\ShowPageTraceBehavior [ RunTime:0.000000s ]
INFO: [ app_end ] --END-- [ RunTime:0.000000s ]

[ 2016-10-14T09:08:02+08:00 ] 127.0.0.1 /index.php/Home/Region/getCity.html
INFO: [ app_begin ] --START--
INFO: Run Behavior\ReadHtmlCacheBehavior [ RunTime:0.000000s ]
INFO: [ app_begin ] --END-- [ RunTime:0.000000s ]
NOTIC: [8192] mysql_connect(): The mysql extension is deprecated and will be removed in the future: use mysqli or PDO instead E:\php\tpshop\ThinkPHP\Library\Think\Session\Driver\Db.class.php 第 96 行.
SQL: SHOW COLUMNS FROM `tp_region` [ RunTime:0.0000s ]
SQL: SELECT * FROM `tp_region` WHERE `region_type` = 2 AND `parent_id` = 3  [ RunTime:0.0000s ]
INFO: [ app_end ] --START--
INFO: Run Behavior\ShowPageTraceBehavior [ RunTime:0.000000s ]
INFO: [ app_end ] --END-- [ RunTime:0.000000s ]

[ 2016-10-14T09:08:03+08:00 ] 127.0.0.1 /index.php/Home/Region/getTown.html
INFO: [ app_begin ] --START--
INFO: Run Behavior\ReadHtmlCacheBehavior [ RunTime:0.000000s ]
INFO: [ app_begin ] --END-- [ RunTime:0.000000s ]
NOTIC: [8192] mysql_connect(): The mysql extension is deprecated and will be removed in the future: use mysqli or PDO instead E:\php\tpshop\ThinkPHP\Library\Think\Session\Driver\Db.class.php 第 96 行.
SQL: SHOW COLUMNS FROM `tp_region` [ RunTime:0.0000s ]
SQL: SELECT * FROM `tp_region` WHERE `region_type` = 3 AND `parent_id` = 39  [ RunTime:0.0000s ]
INFO: [ app_end ] --START--
INFO: Run Behavior\ShowPageTraceBehavior [ RunTime:0.000000s ]
INFO: [ app_end ] --END-- [ RunTime:0.000000s ]

[ 2016-10-14T09:08:05+08:00 ] 127.0.0.1 /index.php/Home/Region/getProvince.html
INFO: [ app_begin ] --START--
INFO: Run Behavior\ReadHtmlCacheBehavior [ RunTime:0.000000s ]
INFO: [ app_begin ] --END-- [ RunTime:0.000000s ]
NOTIC: [8192] mysql_connect(): The mysql extension is deprecated and will be removed in the future: use mysqli or PDO instead E:\php\tpshop\ThinkPHP\Library\Think\Session\Driver\Db.class.php 第 96 行.
INFO: [ app_end ] --START--
INFO: Run Behavior\ShowPageTraceBehavior [ RunTime:0.015600s ]
INFO: [ app_end ] --END-- [ RunTime:0.015600s ]

[ 2016-10-14T09:12:36+08:00 ] 127.0.0.1 /index.php/Home/Region/getProvince.html
INFO: [ app_begin ] --START--
INFO: Run Behavior\ReadHtmlCacheBehavior [ RunTime:0.000000s ]
INFO: [ app_begin ] --END-- [ RunTime:0.000000s ]
NOTIC: [8192] mysql_connect(): The mysql extension is deprecated and will be removed in the future: use mysqli or PDO instead E:\php\tpshop\ThinkPHP\Library\Think\Session\Driver\Db.class.php 第 96 行.
SQL: SHOW COLUMNS FROM `tp_region` [ RunTime:0.0000s ]
SQL: SELECT * FROM `tp_region` WHERE `region_type` = 1 AND `parent_id` = 1  [ RunTime:0.0000s ]
INFO: [ app_end ] --START--
INFO: Run Behavior\ShowPageTraceBehavior [ RunTime:0.000000s ]
INFO: [ app_end ] --END-- [ RunTime:0.000000s ]

[ 2016-10-14T09:12:40+08:00 ] 127.0.0.1 /index.php/Home/Region/getCity.html
INFO: [ app_begin ] --START--
INFO: Run Behavior\ReadHtmlCacheBehavior [ RunTime:0.000000s ]
INFO: [ app_begin ] --END-- [ RunTime:0.000000s ]
NOTIC: [8192] mysql_connect(): The mysql extension is deprecated and will be removed in the future: use mysqli or PDO instead E:\php\tpshop\ThinkPHP\Library\Think\Session\Driver\Db.class.php 第 96 行.
SQL: SHOW COLUMNS FROM `tp_region` [ RunTime:0.0000s ]
SQL: SELECT * FROM `tp_region` WHERE `region_type` = 2 AND `parent_id` = 20  [ RunTime:0.0000s ]
INFO: [ app_end ] --START--
INFO: Run Behavior\ShowPageTraceBehavior [ RunTime:0.000000s ]
INFO: [ app_end ] --END-- [ RunTime:0.000000s ]

[ 2016-10-14T09:12:41+08:00 ] 127.0.0.1 /index.php/Home/Region/getTown.html
INFO: [ app_begin ] --START--
INFO: Run Behavior\ReadHtmlCacheBehavior [ RunTime:0.000000s ]
INFO: [ app_begin ] --END-- [ RunTime:0.000000s ]
NOTIC: [8192] mysql_connect(): The mysql extension is deprecated and will be removed in the future: use mysqli or PDO instead E:\php\tpshop\ThinkPHP\Library\Think\Session\Driver\Db.class.php 第 96 行.
SQL: SHOW COLUMNS FROM `tp_region` [ RunTime:0.0000s ]
SQL: SELECT * FROM `tp_region` WHERE `region_type` = 3 AND `parent_id` = 271  [ RunTime:0.0000s ]
INFO: [ app_end ] --START--
INFO: Run Behavior\ShowPageTraceBehavior [ RunTime:0.000000s ]
INFO: [ app_end ] --END-- [ RunTime:0.015601s ]

[ 2016-10-14T09:12:44+08:00 ] 127.0.0.1 /index.php/Home/Region/getProvince.html
INFO: [ app_begin ] --START--
INFO: Run Behavior\ReadHtmlCacheBehavior [ RunTime:0.000000s ]
INFO: [ app_begin ] --END-- [ RunTime:0.000000s ]
NOTIC: [8192] mysql_connect(): The mysql extension is deprecated and will be removed in the future: use mysqli or PDO instead E:\php\tpshop\ThinkPHP\Library\Think\Session\Driver\Db.class.php 第 96 行.
INFO: [ app_end ] --START--
INFO: Run Behavior\ShowPageTraceBehavior [ RunTime:0.000000s ]
INFO: [ app_end ] --END-- [ RunTime:0.000000s ]

[ 2016-10-14T09:12:46+08:00 ] 127.0.0.1 /index.php/Home/Region/getProvince.html
INFO: [ app_begin ] --START--
INFO: Run Behavior\ReadHtmlCacheBehavior [ RunTime:0.000000s ]
INFO: [ app_begin ] --END-- [ RunTime:0.000000s ]
NOTIC: [8192] mysql_connect(): The mysql extension is deprecated and will be removed in the future: use mysqli or PDO instead E:\php\tpshop\ThinkPHP\Library\Think\Session\Driver\Db.class.php 第 96 行.
SQL: SHOW COLUMNS FROM `tp_region` [ RunTime:0.0000s ]
SQL: SELECT * FROM `tp_region` WHERE `region_type` = 1 AND `parent_id` = 1  [ RunTime:0.0000s ]
INFO: [ app_end ] --START--
INFO: Run Behavior\ShowPageTraceBehavior [ RunTime:0.000000s ]
INFO: [ app_end ] --END-- [ RunTime:0.000000s ]

[ 2016-10-14T09:12:47+08:00 ] 127.0.0.1 /index.php/Home/Region/getCity.html
INFO: [ app_begin ] --START--
INFO: Run Behavior\ReadHtmlCacheBehavior [ RunTime:0.000000s ]
INFO: [ app_begin ] --END-- [ RunTime:0.000000s ]
NOTIC: [8192] mysql_connect(): The mysql extension is deprecated and will be removed in the future: use mysqli or PDO instead E:\php\tpshop\ThinkPHP\Library\Think\Session\Driver\Db.class.php 第 96 行.
SQL: SHOW COLUMNS FROM `tp_region` [ RunTime:0.0000s ]
SQL: SELECT * FROM `tp_region` WHERE `region_type` = 2 AND `parent_id` = 3  [ RunTime:0.0000s ]
INFO: [ app_end ] --START--
INFO: Run Behavior\ShowPageTraceBehavior [ RunTime:0.000000s ]
INFO: [ app_end ] --END-- [ RunTime:0.000000s ]

[ 2016-10-14T09:12:48+08:00 ] 127.0.0.1 /index.php/Home/Region/getTown.html
INFO: [ app_begin ] --START--
INFO: Run Behavior\ReadHtmlCacheBehavior [ RunTime:0.000000s ]
INFO: [ app_begin ] --END-- [ RunTime:0.000000s ]
NOTIC: [8192] mysql_connect(): The mysql extension is deprecated and will be removed in the future: use mysqli or PDO instead E:\php\tpshop\ThinkPHP\Library\Think\Session\Driver\Db.class.php 第 96 行.
SQL: SHOW COLUMNS FROM `tp_region` [ RunTime:0.0000s ]
SQL: SELECT * FROM `tp_region` WHERE `region_type` = 3 AND `parent_id` = 39  [ RunTime:0.0000s ]
INFO: [ app_end ] --START--
INFO: Run Behavior\ShowPageTraceBehavior [ RunTime:0.000000s ]
INFO: [ app_end ] --END-- [ RunTime:0.000000s ]

