[ 2016-11-30T09:40:30+08:00 ] 127.0.0.1 /index.php/Admin/Pic/upload.html
ERR: 非法操作:upload

[ 2016-11-30T15:27:28+08:00 ] 127.0.0.1 /index.php/Admin/Order/lst.html
ERR: 非法操作:lst

[ 2016-11-30T15:27:30+08:00 ] 127.0.0.1 /index.php/Admin/Order/search.html
ERR: 非法操作:search

[ 2016-11-30T15:27:31+08:00 ] 127.0.0.1 /index.php/Admin/Order/merge.html
ERR: 非法操作:merge

[ 2016-11-30T15:27:31+08:00 ] 127.0.0.1 /index.php/Admin/Order/lst.html
ERR: 非法操作:lst

[ 2016-11-30T15:27:32+08:00 ] 127.0.0.1 /index.php/Admin/Order/print.html
ERR: 非法操作:print

[ 2016-11-30T15:27:33+08:00 ] 127.0.0.1 /index.php/Admin/Order/search.html
ERR: 非法操作:search

[ 2016-11-30T15:27:33+08:00 ] 127.0.0.1 /index.php/Admin/Order/lst.html
ERR: 非法操作:lst

[ 2016-11-30T16:01:25+08:00 ] 127.0.0.1 /index.php/Admin/Goods/ajaxGetAttrForm/type_id/1
INFO: [ app_begin ] --START--
INFO: Run Behavior\ReadHtmlCacheBehavior [ RunTime:0.001000s ]
INFO: [ app_begin ] --END-- [ RunTime:0.001000s ]
NOTIC: [8192] mysql_connect(): The mysql extension is deprecated and will be removed in the future: use mysqli or PDO instead E:\php\tpshop\ThinkPHP\Library\Think\Session\Driver\Db.class.php 第 96 行.

[ 2016-11-30T16:01:26+08:00 ] 127.0.0.1 /index.php/Admin/Index/index.html
INFO: [ app_begin ] --START--
INFO: Run Behavior\ReadHtmlCacheBehavior [ RunTime:0.000000s ]
INFO: [ app_begin ] --END-- [ RunTime:0.001000s ]
NOTIC: [8192] mysql_connect(): The mysql extension is deprecated and will be removed in the future: use mysqli or PDO instead E:\php\tpshop\ThinkPHP\Library\Think\Session\Driver\Db.class.php 第 96 行.
INFO: [ view_parse ] --START--
INFO: [ template_filter ] --START--
INFO: Run Behavior\ContentReplaceBehavior [ RunTime:0.000000s ]
INFO: [ template_filter ] --END-- [ RunTime:0.000000s ]
INFO: Run Behavior\ParseTemplateBehavior [ RunTime:0.005000s ]
INFO: [ view_parse ] --END-- [ RunTime:0.005000s ]
INFO: [ view_filter ] --START--
INFO: Run Behavior\WriteHtmlCacheBehavior [ RunTime:0.000000s ]
INFO: [ view_filter ] --END-- [ RunTime:0.000000s ]
INFO: [ app_end ] --START--
INFO: Run Behavior\ShowPageTraceBehavior [ RunTime:0.000000s ]
INFO: [ app_end ] --END-- [ RunTime:0.001000s ]

[ 2016-11-30T16:01:39+08:00 ] 127.0.0.1 /index.php/Admin/Goods/ajaxGetAttrForm/type_id/3
INFO: [ app_begin ] --START--
INFO: Run Behavior\ReadHtmlCacheBehavior [ RunTime:0.001000s ]
INFO: [ app_begin ] --END-- [ RunTime:0.002000s ]
NOTIC: [8192] mysql_connect(): The mysql extension is deprecated and will be removed in the future: use mysqli or PDO instead E:\php\tpshop\ThinkPHP\Library\Think\Session\Driver\Db.class.php 第 96 行.

[ 2016-11-30T16:01:39+08:00 ] 127.0.0.1 /index.php/Admin/Index/index.html
INFO: [ app_begin ] --START--
INFO: Run Behavior\ReadHtmlCacheBehavior [ RunTime:0.001000s ]
INFO: [ app_begin ] --END-- [ RunTime:0.001000s ]
NOTIC: [8192] mysql_connect(): The mysql extension is deprecated and will be removed in the future: use mysqli or PDO instead E:\php\tpshop\ThinkPHP\Library\Think\Session\Driver\Db.class.php 第 96 行.
INFO: [ view_parse ] --START--
INFO: [ template_filter ] --START--
INFO: Run Behavior\ContentReplaceBehavior [ RunTime:0.000000s ]
INFO: [ template_filter ] --END-- [ RunTime:0.000000s ]
INFO: Run Behavior\ParseTemplateBehavior [ RunTime:0.005000s ]
INFO: [ view_parse ] --END-- [ RunTime:0.005000s ]
INFO: [ view_filter ] --START--
INFO: Run Behavior\WriteHtmlCacheBehavior [ RunTime:0.000000s ]
INFO: [ view_filter ] --END-- [ RunTime:0.000000s ]
INFO: [ app_end ] --START--
INFO: Run Behavior\ShowPageTraceBehavior [ RunTime:0.001000s ]
INFO: [ app_end ] --END-- [ RunTime:0.001000s ]

[ 2016-11-30T16:03:30+08:00 ] 127.0.0.1 /index.php/Admin/Goods/ajaxGetAttrForm/type_id/1
INFO: [ app_begin ] --START--
INFO: Run Behavior\ReadHtmlCacheBehavior [ RunTime:0.001000s ]
INFO: [ app_begin ] --END-- [ RunTime:0.002000s ]
NOTIC: [8192] mysql_connect(): The mysql extension is deprecated and will be removed in the future: use mysqli or PDO instead E:\php\tpshop\ThinkPHP\Library\Think\Session\Driver\Db.class.php 第 96 行.
INFO: [ app_end ] --START--
INFO: Run Behavior\ShowPageTraceBehavior [ RunTime:0.001000s ]
INFO: [ app_end ] --END-- [ RunTime:0.001000s ]

[ 2016-11-30T16:04:36+08:00 ] 127.0.0.1 /index.php/Admin/Goods/ajaxGetAttrForm/type_id/3
INFO: [ app_begin ] --START--
INFO: Run Behavior\ReadHtmlCacheBehavior [ RunTime:0.000000s ]
INFO: [ app_begin ] --END-- [ RunTime:0.000000s ]
NOTIC: [8192] mysql_connect(): The mysql extension is deprecated and will be removed in the future: use mysqli or PDO instead E:\php\tpshop\ThinkPHP\Library\Think\Session\Driver\Db.class.php 第 96 行.
INFO: [ app_end ] --START--
INFO: Run Behavior\ShowPageTraceBehavior [ RunTime:0.000000s ]
INFO: [ app_end ] --END-- [ RunTime:0.000000s ]

[ 2016-11-30T16:08:52+08:00 ] 127.0.0.1 /index.php/Admin/Goods/ajaxGetAttrForm/type_id/1
INFO: [ app_begin ] --START--
INFO: Run Behavior\ReadHtmlCacheBehavior [ RunTime:0.000000s ]
INFO: [ app_begin ] --END-- [ RunTime:0.000000s ]
NOTIC: [8192] mysql_connect(): The mysql extension is deprecated and will be removed in the future: use mysqli or PDO instead E:\php\tpshop\ThinkPHP\Library\Think\Session\Driver\Db.class.php 第 96 行.
SQL: SHOW COLUMNS FROM `tp_attribute` [ RunTime:0.0000s ]
ERR: Think\Model:selete方法不存在！

[ 2016-11-30T16:09:37+08:00 ] 127.0.0.1 /index.php/Admin/Goods/ajaxGetAttrForm/type_id/3
INFO: [ app_begin ] --START--
INFO: Run Behavior\ReadHtmlCacheBehavior [ RunTime:0.000000s ]
INFO: [ app_begin ] --END-- [ RunTime:0.000000s ]
NOTIC: [8192] mysql_connect(): The mysql extension is deprecated and will be removed in the future: use mysqli or PDO instead E:\php\tpshop\ThinkPHP\Library\Think\Session\Driver\Db.class.php 第 96 行.
SQL: SHOW COLUMNS FROM `tp_attribute` [ RunTime:0.0100s ]
ERR: Think\Model:selete方法不存在！

[ 2016-11-30T16:10:48+08:00 ] 127.0.0.1 /index.php/Admin/Goods/ajaxGetAttrForm/type_id/1
INFO: [ app_begin ] --START--
INFO: Run Behavior\ReadHtmlCacheBehavior [ RunTime:0.000000s ]
INFO: [ app_begin ] --END-- [ RunTime:0.000000s ]
NOTIC: [8192] mysql_connect(): The mysql extension is deprecated and will be removed in the future: use mysqli or PDO instead E:\php\tpshop\ThinkPHP\Library\Think\Session\Driver\Db.class.php 第 96 行.
INFO: [ app_end ] --START--
INFO: Run Behavior\ShowPageTraceBehavior [ RunTime:0.000000s ]
INFO: [ app_end ] --END-- [ RunTime:0.000000s ]

[ 2016-11-30T16:10:58+08:00 ] 127.0.0.1 /index.php/Admin/Goods/ajaxGetAttrForm/type_id/3
INFO: [ app_begin ] --START--
INFO: Run Behavior\ReadHtmlCacheBehavior [ RunTime:0.000000s ]
INFO: [ app_begin ] --END-- [ RunTime:0.000000s ]
NOTIC: [8192] mysql_connect(): The mysql extension is deprecated and will be removed in the future: use mysqli or PDO instead E:\php\tpshop\ThinkPHP\Library\Think\Session\Driver\Db.class.php 第 96 行.
INFO: [ app_end ] --START--
INFO: Run Behavior\ShowPageTraceBehavior [ RunTime:0.000000s ]
INFO: [ app_end ] --END-- [ RunTime:0.000000s ]

[ 2016-11-30T16:11:50+08:00 ] 127.0.0.1 /index.php/Admin/Goods/ajaxGetAttrForm/type_id/1
INFO: [ app_begin ] --START--
INFO: Run Behavior\ReadHtmlCacheBehavior [ RunTime:0.000000s ]
INFO: [ app_begin ] --END-- [ RunTime:0.000000s ]
NOTIC: [8192] mysql_connect(): The mysql extension is deprecated and will be removed in the future: use mysqli or PDO instead E:\php\tpshop\ThinkPHP\Library\Think\Session\Driver\Db.class.php 第 96 行.
INFO: [ app_end ] --START--
INFO: Run Behavior\ShowPageTraceBehavior [ RunTime:0.000000s ]
INFO: [ app_end ] --END-- [ RunTime:0.000000s ]

[ 2016-11-30T16:11:54+08:00 ] 127.0.0.1 /index.php/Admin/Goods/ajaxGetAttrForm/type_id/3
INFO: [ app_begin ] --START--
INFO: Run Behavior\ReadHtmlCacheBehavior [ RunTime:0.000000s ]
INFO: [ app_begin ] --END-- [ RunTime:0.000000s ]
NOTIC: [8192] mysql_connect(): The mysql extension is deprecated and will be removed in the future: use mysqli or PDO instead E:\php\tpshop\ThinkPHP\Library\Think\Session\Driver\Db.class.php 第 96 行.
INFO: [ app_end ] --START--
INFO: Run Behavior\ShowPageTraceBehavior [ RunTime:0.000000s ]
INFO: [ app_end ] --END-- [ RunTime:0.000000s ]

[ 2016-11-30T16:12:08+08:00 ] 127.0.0.1 /index.php/Admin/Goods/ajaxGetAttrForm/type_id/1
INFO: [ app_begin ] --START--
INFO: Run Behavior\ReadHtmlCacheBehavior [ RunTime:0.010000s ]
INFO: [ app_begin ] --END-- [ RunTime:0.010000s ]
NOTIC: [8192] mysql_connect(): The mysql extension is deprecated and will be removed in the future: use mysqli or PDO instead E:\php\tpshop\ThinkPHP\Library\Think\Session\Driver\Db.class.php 第 96 行.
INFO: [ app_end ] --START--
INFO: Run Behavior\ShowPageTraceBehavior [ RunTime:0.000000s ]
INFO: [ app_end ] --END-- [ RunTime:0.000000s ]

[ 2016-11-30T16:12:34+08:00 ] 127.0.0.1 /index.php/Admin/Goods/ajaxGetAttrForm/type_id/3
INFO: [ app_begin ] --START--
INFO: Run Behavior\ReadHtmlCacheBehavior [ RunTime:0.000000s ]
INFO: [ app_begin ] --END-- [ RunTime:0.000000s ]
NOTIC: [8192] mysql_connect(): The mysql extension is deprecated and will be removed in the future: use mysqli or PDO instead E:\php\tpshop\ThinkPHP\Library\Think\Session\Driver\Db.class.php 第 96 行.
SQL: SHOW COLUMNS FROM `tp_attribute` [ RunTime:0.0000s ]
ERR: Think\Model:selete方法不存在！

[ 2016-11-30T16:12:49+08:00 ] 127.0.0.1 /index.php/Admin/Goods/ajaxGetAttrForm/type_id/3
ERR: Think\Model:selete方法不存在！

[ 2016-11-30T16:13:47+08:00 ] 127.0.0.1 /index.php/Admin/Goods/ajaxGetAttrForm/type_id/1
INFO: [ app_begin ] --START--
INFO: Run Behavior\ReadHtmlCacheBehavior [ RunTime:0.000000s ]
INFO: [ app_begin ] --END-- [ RunTime:0.001000s ]
NOTIC: [8192] mysql_connect(): The mysql extension is deprecated and will be removed in the future: use mysqli or PDO instead E:\php\tpshop\ThinkPHP\Library\Think\Session\Driver\Db.class.php 第 96 行.
SQL: SHOW COLUMNS FROM `tp_attribute` [ RunTime:0.0050s ]
SQL: SELECT * FROM `tp_attribute` WHERE `goods_type_id` = 1  [ RunTime:0.0000s ]
INFO: [ app_end ] --START--
INFO: Run Behavior\ShowPageTraceBehavior [ RunTime:0.001000s ]
INFO: [ app_end ] --END-- [ RunTime:0.001000s ]

[ 2016-11-30T16:13:51+08:00 ] 127.0.0.1 /index.php/Admin/Goods/ajaxGetAttrForm/type_id/3
INFO: [ app_begin ] --START--
INFO: Run Behavior\ReadHtmlCacheBehavior [ RunTime:0.000000s ]
INFO: [ app_begin ] --END-- [ RunTime:0.000000s ]
NOTIC: [8192] mysql_connect(): The mysql extension is deprecated and will be removed in the future: use mysqli or PDO instead E:\php\tpshop\ThinkPHP\Library\Think\Session\Driver\Db.class.php 第 96 行.
SQL: SHOW COLUMNS FROM `tp_attribute` [ RunTime:0.0040s ]
SQL: SELECT * FROM `tp_attribute` WHERE `goods_type_id` = 3  [ RunTime:0.0000s ]
INFO: [ app_end ] --START--
INFO: Run Behavior\ShowPageTraceBehavior [ RunTime:0.000000s ]
INFO: [ app_end ] --END-- [ RunTime:0.000000s ]

[ 2016-11-30T16:15:28+08:00 ] 127.0.0.1 /index.php/Admin/Goods/ajaxGetAttrForm/type_id/1
INFO: [ app_begin ] --START--
INFO: Run Behavior\ReadHtmlCacheBehavior [ RunTime:0.001000s ]
INFO: [ app_begin ] --END-- [ RunTime:0.002000s ]
NOTIC: [8192] mysql_connect(): The mysql extension is deprecated and will be removed in the future: use mysqli or PDO instead E:\php\tpshop\ThinkPHP\Library\Think\Session\Driver\Db.class.php 第 96 行.
SQL: SHOW COLUMNS FROM `tp_attribute` [ RunTime:0.0030s ]
SQL: SELECT * FROM `tp_attribute` WHERE `goods_type_id` = 1  [ RunTime:0.0010s ]
INFO: [ app_end ] --START--
INFO: Run Behavior\ShowPageTraceBehavior [ RunTime:0.000000s ]
INFO: [ app_end ] --END-- [ RunTime:0.000000s ]

[ 2016-11-30T17:09:32+08:00 ] 127.0.0.1 /index.php/Admin/Goods/ajaxGetAttrForm/type_id/1
INFO: [ app_begin ] --START--
INFO: Run Behavior\ReadHtmlCacheBehavior [ RunTime:0.000000s ]
INFO: [ app_begin ] --END-- [ RunTime:0.010000s ]
NOTIC: [8192] mysql_connect(): The mysql extension is deprecated and will be removed in the future: use mysqli or PDO instead E:\php\tpshop\ThinkPHP\Library\Think\Session\Driver\Db.class.php 第 96 行.
SQL: SHOW COLUMNS FROM `tp_attribute` [ RunTime:0.0000s ]
SQL: SELECT * FROM `tp_attribute` WHERE `goods_type_id` = 1  [ RunTime:0.0000s ]
INFO: [ app_end ] --START--
INFO: Run Behavior\ShowPageTraceBehavior [ RunTime:0.000000s ]
INFO: [ app_end ] --END-- [ RunTime:0.000000s ]

[ 2016-11-30T17:11:25+08:00 ] 127.0.0.1 /index.php/Admin/Goods/ajaxGetAttrForm/type_id/1
INFO: [ app_begin ] --START--
INFO: Run Behavior\ReadHtmlCacheBehavior [ RunTime:0.000000s ]
INFO: [ app_begin ] --END-- [ RunTime:0.000000s ]
NOTIC: [8192] mysql_connect(): The mysql extension is deprecated and will be removed in the future: use mysqli or PDO instead E:\php\tpshop\ThinkPHP\Library\Think\Session\Driver\Db.class.php 第 96 行.
SQL: SHOW COLUMNS FROM `tp_attribute` [ RunTime:0.0000s ]
SQL: SELECT * FROM `tp_attribute` WHERE `goods_type_id` = 1  [ RunTime:0.0000s ]
INFO: [ app_end ] --START--
INFO: Run Behavior\ShowPageTraceBehavior [ RunTime:0.000000s ]
INFO: [ app_end ] --END-- [ RunTime:0.000000s ]

[ 2016-11-30T17:12:15+08:00 ] 127.0.0.1 /index.php/Admin/Goods/ajaxGetAttrForm/type_id/1
INFO: [ app_begin ] --START--
INFO: Run Behavior\ReadHtmlCacheBehavior [ RunTime:0.000000s ]
INFO: [ app_begin ] --END-- [ RunTime:0.010000s ]
NOTIC: [8192] mysql_connect(): The mysql extension is deprecated and will be removed in the future: use mysqli or PDO instead E:\php\tpshop\ThinkPHP\Library\Think\Session\Driver\Db.class.php 第 96 行.
SQL: SHOW COLUMNS FROM `tp_attribute` [ RunTime:0.0000s ]
SQL: SELECT * FROM `tp_attribute` WHERE `goods_type_id` = 1  [ RunTime:0.0000s ]
INFO: [ app_end ] --START--
INFO: Run Behavior\ShowPageTraceBehavior [ RunTime:0.000000s ]
INFO: [ app_end ] --END-- [ RunTime:0.000000s ]

[ 2016-11-30T17:12:59+08:00 ] 127.0.0.1 /index.php/Admin/Goods/ajaxGetAttrForm/type_id/3
INFO: [ app_begin ] --START--
INFO: Run Behavior\ReadHtmlCacheBehavior [ RunTime:0.000000s ]
INFO: [ app_begin ] --END-- [ RunTime:0.000000s ]
NOTIC: [8192] mysql_connect(): The mysql extension is deprecated and will be removed in the future: use mysqli or PDO instead E:\php\tpshop\ThinkPHP\Library\Think\Session\Driver\Db.class.php 第 96 行.
SQL: SHOW COLUMNS FROM `tp_attribute` [ RunTime:0.0000s ]
SQL: SELECT * FROM `tp_attribute` WHERE `goods_type_id` = 3  [ RunTime:0.0100s ]
INFO: [ app_end ] --START--
INFO: Run Behavior\ShowPageTraceBehavior [ RunTime:0.000000s ]
INFO: [ app_end ] --END-- [ RunTime:0.000000s ]

[ 2016-11-30T17:13:20+08:00 ] 127.0.0.1 /index.php/Admin/Goods/ajaxGetAttrForm/type_id/3
INFO: [ app_begin ] --START--
INFO: Run Behavior\ReadHtmlCacheBehavior [ RunTime:0.000000s ]
INFO: [ app_begin ] --END-- [ RunTime:0.000000s ]
NOTIC: [8192] mysql_connect(): The mysql extension is deprecated and will be removed in the future: use mysqli or PDO instead E:\php\tpshop\ThinkPHP\Library\Think\Session\Driver\Db.class.php 第 96 行.
SQL: SHOW COLUMNS FROM `tp_attribute` [ RunTime:0.0000s ]
SQL: SELECT * FROM `tp_attribute` WHERE `goods_type_id` = 3  [ RunTime:0.0000s ]
INFO: [ app_end ] --START--
INFO: Run Behavior\ShowPageTraceBehavior [ RunTime:0.000000s ]
INFO: [ app_end ] --END-- [ RunTime:0.000000s ]

[ 2016-11-30T17:13:21+08:00 ] 127.0.0.1 /index.php/Admin/Goods/ajaxGetAttrForm/type_id/1
INFO: [ app_begin ] --START--
INFO: Run Behavior\ReadHtmlCacheBehavior [ RunTime:0.000000s ]
INFO: [ app_begin ] --END-- [ RunTime:0.000000s ]
NOTIC: [8192] mysql_connect(): The mysql extension is deprecated and will be removed in the future: use mysqli or PDO instead E:\php\tpshop\ThinkPHP\Library\Think\Session\Driver\Db.class.php 第 96 行.
SQL: SHOW COLUMNS FROM `tp_attribute` [ RunTime:0.0000s ]
SQL: SELECT * FROM `tp_attribute` WHERE `goods_type_id` = 1  [ RunTime:0.0000s ]
INFO: [ app_end ] --START--
INFO: Run Behavior\ShowPageTraceBehavior [ RunTime:0.010000s ]
INFO: [ app_end ] --END-- [ RunTime:0.010000s ]

[ 2016-11-30T17:15:32+08:00 ] 127.0.0.1 /index.php/Admin/Goods/ajaxGetAttrForm/type_id/3
INFO: [ app_begin ] --START--
INFO: Run Behavior\ReadHtmlCacheBehavior [ RunTime:0.000000s ]
INFO: [ app_begin ] --END-- [ RunTime:0.000000s ]
NOTIC: [8192] mysql_connect(): The mysql extension is deprecated and will be removed in the future: use mysqli or PDO instead E:\php\tpshop\ThinkPHP\Library\Think\Session\Driver\Db.class.php 第 96 行.
SQL: SHOW COLUMNS FROM `tp_attribute` [ RunTime:0.0000s ]
SQL: SELECT * FROM `tp_attribute` WHERE `goods_type_id` = 3  [ RunTime:0.0100s ]
INFO: [ app_end ] --START--
INFO: Run Behavior\ShowPageTraceBehavior [ RunTime:0.000000s ]
INFO: [ app_end ] --END-- [ RunTime:0.000000s ]

[ 2016-11-30T17:16:06+08:00 ] 127.0.0.1 /index.php/Admin/Goods/ajaxGetAttrForm/type_id/1
INFO: [ app_begin ] --START--
INFO: Run Behavior\ReadHtmlCacheBehavior [ RunTime:0.000000s ]
INFO: [ app_begin ] --END-- [ RunTime:0.000000s ]
NOTIC: [8192] mysql_connect(): The mysql extension is deprecated and will be removed in the future: use mysqli or PDO instead E:\php\tpshop\ThinkPHP\Library\Think\Session\Driver\Db.class.php 第 96 行.
SQL: SHOW COLUMNS FROM `tp_attribute` [ RunTime:0.0000s ]
SQL: SELECT * FROM `tp_attribute` WHERE `goods_type_id` = 1  [ RunTime:0.0000s ]
INFO: [ app_end ] --START--
INFO: Run Behavior\ShowPageTraceBehavior [ RunTime:0.000000s ]
INFO: [ app_end ] --END-- [ RunTime:0.000000s ]

[ 2016-11-30T17:16:31+08:00 ] 127.0.0.1 /index.php/Admin/Goods/ajaxGetAttrForm/type_id/1
INFO: [ app_begin ] --START--
INFO: Run Behavior\ReadHtmlCacheBehavior [ RunTime:0.000000s ]
INFO: [ app_begin ] --END-- [ RunTime:0.000000s ]
NOTIC: [8192] mysql_connect(): The mysql extension is deprecated and will be removed in the future: use mysqli or PDO instead E:\php\tpshop\ThinkPHP\Library\Think\Session\Driver\Db.class.php 第 96 行.
SQL: SHOW COLUMNS FROM `tp_attribute` [ RunTime:0.0000s ]
SQL: SELECT * FROM `tp_attribute` WHERE `goods_type_id` = 1  [ RunTime:0.0000s ]
INFO: [ app_end ] --START--
INFO: Run Behavior\ShowPageTraceBehavior [ RunTime:0.000000s ]
INFO: [ app_end ] --END-- [ RunTime:0.000000s ]

[ 2016-11-30T17:16:38+08:00 ] 127.0.0.1 /index.php/Admin/Goods/ajaxGetAttrForm/type_id/3
INFO: [ app_begin ] --START--
INFO: Run Behavior\ReadHtmlCacheBehavior [ RunTime:0.000000s ]
INFO: [ app_begin ] --END-- [ RunTime:0.000000s ]
NOTIC: [8192] mysql_connect(): The mysql extension is deprecated and will be removed in the future: use mysqli or PDO instead E:\php\tpshop\ThinkPHP\Library\Think\Session\Driver\Db.class.php 第 96 行.
SQL: SHOW COLUMNS FROM `tp_attribute` [ RunTime:0.0000s ]
SQL: SELECT * FROM `tp_attribute` WHERE `goods_type_id` = 3  [ RunTime:0.0000s ]
INFO: [ app_end ] --START--
INFO: Run Behavior\ShowPageTraceBehavior [ RunTime:0.010000s ]
INFO: [ app_end ] --END-- [ RunTime:0.010000s ]

[ 2016-11-30T17:16:57+08:00 ] 127.0.0.1 /index.php/Admin/Goods/ajaxGetAttrForm/type_id/1
INFO: [ app_begin ] --START--
INFO: Run Behavior\ReadHtmlCacheBehavior [ RunTime:0.000000s ]
INFO: [ app_begin ] --END-- [ RunTime:0.000000s ]
NOTIC: [8192] mysql_connect(): The mysql extension is deprecated and will be removed in the future: use mysqli or PDO instead E:\php\tpshop\ThinkPHP\Library\Think\Session\Driver\Db.class.php 第 96 行.
SQL: SHOW COLUMNS FROM `tp_attribute` [ RunTime:0.0010s ]
SQL: SELECT * FROM `tp_attribute` WHERE `goods_type_id` = 1  [ RunTime:0.0000s ]
INFO: [ app_end ] --START--
INFO: Run Behavior\ShowPageTraceBehavior [ RunTime:0.000000s ]
INFO: [ app_end ] --END-- [ RunTime:0.000000s ]

[ 2016-11-30T17:17:09+08:00 ] 127.0.0.1 /index.php/Admin/Goods/ajaxGetAttrForm/type_id/3
INFO: [ app_begin ] --START--
INFO: Run Behavior\ReadHtmlCacheBehavior [ RunTime:0.000000s ]
INFO: [ app_begin ] --END-- [ RunTime:0.000000s ]
NOTIC: [8192] mysql_connect(): The mysql extension is deprecated and will be removed in the future: use mysqli or PDO instead E:\php\tpshop\ThinkPHP\Library\Think\Session\Driver\Db.class.php 第 96 行.
SQL: SHOW COLUMNS FROM `tp_attribute` [ RunTime:0.0000s ]
SQL: SELECT * FROM `tp_attribute` WHERE `goods_type_id` = 3  [ RunTime:0.0000s ]
INFO: [ app_end ] --START--
INFO: Run Behavior\ShowPageTraceBehavior [ RunTime:0.000000s ]
INFO: [ app_end ] --END-- [ RunTime:0.000000s ]

[ 2016-11-30T17:18:41+08:00 ] 127.0.0.1 /index.php/Admin/Goods/ajaxGetAttrForm/type_id/1
INFO: [ app_begin ] --START--
INFO: Run Behavior\ReadHtmlCacheBehavior [ RunTime:0.000000s ]
INFO: [ app_begin ] --END-- [ RunTime:0.000000s ]
NOTIC: [8192] mysql_connect(): The mysql extension is deprecated and will be removed in the future: use mysqli or PDO instead E:\php\tpshop\ThinkPHP\Library\Think\Session\Driver\Db.class.php 第 96 行.
SQL: SHOW COLUMNS FROM `tp_attribute` [ RunTime:0.0100s ]
SQL: SELECT * FROM `tp_attribute` WHERE `goods_type_id` = 1  [ RunTime:0.0100s ]
INFO: [ app_end ] --START--
INFO: Run Behavior\ShowPageTraceBehavior [ RunTime:0.000000s ]
INFO: [ app_end ] --END-- [ RunTime:0.000000s ]

[ 2016-11-30T17:18:43+08:00 ] 127.0.0.1 /index.php/Admin/Goods/ajaxGetAttrForm/type_id/3
INFO: [ app_begin ] --START--
INFO: Run Behavior\ReadHtmlCacheBehavior [ RunTime:0.000000s ]
INFO: [ app_begin ] --END-- [ RunTime:0.000000s ]
NOTIC: [8192] mysql_connect(): The mysql extension is deprecated and will be removed in the future: use mysqli or PDO instead E:\php\tpshop\ThinkPHP\Library\Think\Session\Driver\Db.class.php 第 96 行.
SQL: SHOW COLUMNS FROM `tp_attribute` [ RunTime:0.0000s ]
SQL: SELECT * FROM `tp_attribute` WHERE `goods_type_id` = 3  [ RunTime:0.0000s ]
INFO: [ app_end ] --START--
INFO: Run Behavior\ShowPageTraceBehavior [ RunTime:0.000000s ]
INFO: [ app_end ] --END-- [ RunTime:0.000000s ]

[ 2016-11-30T17:19:25+08:00 ] 127.0.0.1 /index.php/Admin/Goods/ajaxGetAttrForm/type_id/1
INFO: [ app_begin ] --START--
INFO: Run Behavior\ReadHtmlCacheBehavior [ RunTime:0.000000s ]
INFO: [ app_begin ] --END-- [ RunTime:0.000000s ]
NOTIC: [8192] mysql_connect(): The mysql extension is deprecated and will be removed in the future: use mysqli or PDO instead E:\php\tpshop\ThinkPHP\Library\Think\Session\Driver\Db.class.php 第 96 行.
SQL: SHOW COLUMNS FROM `tp_attribute` [ RunTime:0.0000s ]
SQL: SELECT * FROM `tp_attribute` WHERE `goods_type_id` = 1  [ RunTime:0.0000s ]
INFO: [ app_end ] --START--
INFO: Run Behavior\ShowPageTraceBehavior [ RunTime:0.000000s ]
INFO: [ app_end ] --END-- [ RunTime:0.000000s ]

[ 2016-11-30T17:19:26+08:00 ] 127.0.0.1 /index.php/Admin/Goods/ajaxGetAttrForm/type_id/3
INFO: [ app_begin ] --START--
INFO: Run Behavior\ReadHtmlCacheBehavior [ RunTime:0.010000s ]
INFO: [ app_begin ] --END-- [ RunTime:0.010000s ]
NOTIC: [8192] mysql_connect(): The mysql extension is deprecated and will be removed in the future: use mysqli or PDO instead E:\php\tpshop\ThinkPHP\Library\Think\Session\Driver\Db.class.php 第 96 行.
SQL: SHOW COLUMNS FROM `tp_attribute` [ RunTime:0.0000s ]
SQL: SELECT * FROM `tp_attribute` WHERE `goods_type_id` = 3  [ RunTime:0.0000s ]
INFO: [ app_end ] --START--
INFO: Run Behavior\ShowPageTraceBehavior [ RunTime:0.000000s ]
INFO: [ app_end ] --END-- [ RunTime:0.000000s ]

[ 2016-11-30T17:19:36+08:00 ] 127.0.0.1 /index.php/Admin/Goods/ajaxGetAttrForm/type_id/1
INFO: [ app_begin ] --START--
INFO: Run Behavior\ReadHtmlCacheBehavior [ RunTime:0.000000s ]
INFO: [ app_begin ] --END-- [ RunTime:0.000000s ]
NOTIC: [8192] mysql_connect(): The mysql extension is deprecated and will be removed in the future: use mysqli or PDO instead E:\php\tpshop\ThinkPHP\Library\Think\Session\Driver\Db.class.php 第 96 行.
SQL: SHOW COLUMNS FROM `tp_attribute` [ RunTime:0.0000s ]
SQL: SELECT * FROM `tp_attribute` WHERE `goods_type_id` = 1  [ RunTime:0.0000s ]
INFO: [ app_end ] --START--
INFO: Run Behavior\ShowPageTraceBehavior [ RunTime:0.000000s ]
INFO: [ app_end ] --END-- [ RunTime:0.000000s ]

[ 2016-11-30T17:19:37+08:00 ] 127.0.0.1 /index.php/Admin/Goods/ajaxGetAttrForm/type_id/3
INFO: [ app_begin ] --START--
INFO: Run Behavior\ReadHtmlCacheBehavior [ RunTime:0.010000s ]
INFO: [ app_begin ] --END-- [ RunTime:0.010000s ]
NOTIC: [8192] mysql_connect(): The mysql extension is deprecated and will be removed in the future: use mysqli or PDO instead E:\php\tpshop\ThinkPHP\Library\Think\Session\Driver\Db.class.php 第 96 行.
SQL: SHOW COLUMNS FROM `tp_attribute` [ RunTime:0.0000s ]
SQL: SELECT * FROM `tp_attribute` WHERE `goods_type_id` = 3  [ RunTime:0.0000s ]
INFO: [ app_end ] --START--
INFO: Run Behavior\ShowPageTraceBehavior [ RunTime:0.000000s ]
INFO: [ app_end ] --END-- [ RunTime:0.000000s ]

[ 2016-11-30T17:19:51+08:00 ] 127.0.0.1 /index.php/Admin/Goods/ajaxGetAttrForm/type_id/3
INFO: [ app_begin ] --START--
INFO: Run Behavior\ReadHtmlCacheBehavior [ RunTime:0.000000s ]
INFO: [ app_begin ] --END-- [ RunTime:0.000000s ]
NOTIC: [8192] mysql_connect(): The mysql extension is deprecated and will be removed in the future: use mysqli or PDO instead E:\php\tpshop\ThinkPHP\Library\Think\Session\Driver\Db.class.php 第 96 行.
SQL: SHOW COLUMNS FROM `tp_attribute` [ RunTime:0.0100s ]
SQL: SELECT * FROM `tp_attribute` WHERE `goods_type_id` = 3  [ RunTime:0.0000s ]
INFO: [ app_end ] --START--
INFO: Run Behavior\ShowPageTraceBehavior [ RunTime:0.000000s ]
INFO: [ app_end ] --END-- [ RunTime:0.000000s ]

[ 2016-11-30T17:19:56+08:00 ] 127.0.0.1 /index.php/Admin/Goods/ajaxGetAttrForm/type_id/1
INFO: [ app_begin ] --START--
INFO: Run Behavior\ReadHtmlCacheBehavior [ RunTime:0.000000s ]
INFO: [ app_begin ] --END-- [ RunTime:0.000000s ]
NOTIC: [8192] mysql_connect(): The mysql extension is deprecated and will be removed in the future: use mysqli or PDO instead E:\php\tpshop\ThinkPHP\Library\Think\Session\Driver\Db.class.php 第 96 行.
SQL: SHOW COLUMNS FROM `tp_attribute` [ RunTime:0.0000s ]
SQL: SELECT * FROM `tp_attribute` WHERE `goods_type_id` = 1  [ RunTime:0.0000s ]
INFO: [ app_end ] --START--
INFO: Run Behavior\ShowPageTraceBehavior [ RunTime:0.000000s ]
INFO: [ app_end ] --END-- [ RunTime:0.000000s ]

[ 2016-11-30T17:19:59+08:00 ] 127.0.0.1 /index.php/Admin/Goods/ajaxGetAttrForm/type_id/3
INFO: [ app_begin ] --START--
INFO: Run Behavior\ReadHtmlCacheBehavior [ RunTime:0.000000s ]
INFO: [ app_begin ] --END-- [ RunTime:0.000000s ]
NOTIC: [8192] mysql_connect(): The mysql extension is deprecated and will be removed in the future: use mysqli or PDO instead E:\php\tpshop\ThinkPHP\Library\Think\Session\Driver\Db.class.php 第 96 行.
SQL: SHOW COLUMNS FROM `tp_attribute` [ RunTime:0.0100s ]
SQL: SELECT * FROM `tp_attribute` WHERE `goods_type_id` = 3  [ RunTime:0.0000s ]
INFO: [ app_end ] --START--
INFO: Run Behavior\ShowPageTraceBehavior [ RunTime:0.000000s ]
INFO: [ app_end ] --END-- [ RunTime:0.000000s ]

[ 2016-11-30T17:20:00+08:00 ] 127.0.0.1 /index.php/Admin/Goods/ajaxGetAttrForm/type_id/1
INFO: [ app_begin ] --START--
INFO: Run Behavior\ReadHtmlCacheBehavior [ RunTime:0.000000s ]
INFO: [ app_begin ] --END-- [ RunTime:0.000000s ]
NOTIC: [8192] mysql_connect(): The mysql extension is deprecated and will be removed in the future: use mysqli or PDO instead E:\php\tpshop\ThinkPHP\Library\Think\Session\Driver\Db.class.php 第 96 行.
SQL: SHOW COLUMNS FROM `tp_attribute` [ RunTime:0.0000s ]
SQL: SELECT * FROM `tp_attribute` WHERE `goods_type_id` = 1  [ RunTime:0.0000s ]
INFO: [ app_end ] --START--
INFO: Run Behavior\ShowPageTraceBehavior [ RunTime:0.000000s ]
INFO: [ app_end ] --END-- [ RunTime:0.000000s ]

[ 2016-11-30T17:23:05+08:00 ] 127.0.0.1 /index.php/Admin/Goods/ajaxGetAttrForm/type_id/3
INFO: [ app_begin ] --START--
INFO: Run Behavior\ReadHtmlCacheBehavior [ RunTime:0.000000s ]
INFO: [ app_begin ] --END-- [ RunTime:0.000000s ]
NOTIC: [8192] mysql_connect(): The mysql extension is deprecated and will be removed in the future: use mysqli or PDO instead E:\php\tpshop\ThinkPHP\Library\Think\Session\Driver\Db.class.php 第 96 行.
SQL: SHOW COLUMNS FROM `tp_attribute` [ RunTime:0.0000s ]
SQL: SELECT * FROM `tp_attribute` WHERE `goods_type_id` = 3  [ RunTime:0.0100s ]
INFO: [ app_end ] --START--
INFO: Run Behavior\ShowPageTraceBehavior [ RunTime:0.000000s ]
INFO: [ app_end ] --END-- [ RunTime:0.000000s ]

[ 2016-11-30T17:23:09+08:00 ] 127.0.0.1 /index.php/Admin/Goods/ajaxGetAttrForm/type_id/1
INFO: [ app_begin ] --START--
INFO: Run Behavior\ReadHtmlCacheBehavior [ RunTime:0.000000s ]
INFO: [ app_begin ] --END-- [ RunTime:0.010000s ]
NOTIC: [8192] mysql_connect(): The mysql extension is deprecated and will be removed in the future: use mysqli or PDO instead E:\php\tpshop\ThinkPHP\Library\Think\Session\Driver\Db.class.php 第 96 行.
SQL: SHOW COLUMNS FROM `tp_attribute` [ RunTime:0.0100s ]
SQL: SELECT * FROM `tp_attribute` WHERE `goods_type_id` = 1  [ RunTime:0.0000s ]
INFO: [ app_end ] --START--
INFO: Run Behavior\ShowPageTraceBehavior [ RunTime:0.000000s ]
INFO: [ app_end ] --END-- [ RunTime:0.000000s ]

[ 2016-11-30T17:25:20+08:00 ] 127.0.0.1 /index.php/Admin/Goods/ajaxGetAttrForm/type_id/3
INFO: [ app_begin ] --START--
INFO: Run Behavior\ReadHtmlCacheBehavior [ RunTime:0.000000s ]
INFO: [ app_begin ] --END-- [ RunTime:0.000000s ]
NOTIC: [8192] mysql_connect(): The mysql extension is deprecated and will be removed in the future: use mysqli or PDO instead E:\php\tpshop\ThinkPHP\Library\Think\Session\Driver\Db.class.php 第 96 行.
SQL: SHOW COLUMNS FROM `tp_attribute` [ RunTime:0.0100s ]
SQL: SELECT * FROM `tp_attribute` WHERE `goods_type_id` = 3  [ RunTime:0.0000s ]
INFO: [ app_end ] --START--
INFO: Run Behavior\ShowPageTraceBehavior [ RunTime:0.000000s ]
INFO: [ app_end ] --END-- [ RunTime:0.000000s ]

[ 2016-11-30T17:25:22+08:00 ] 127.0.0.1 /index.php/Admin/Goods/ajaxGetAttrForm/type_id/1
INFO: [ app_begin ] --START--
INFO: Run Behavior\ReadHtmlCacheBehavior [ RunTime:0.000000s ]
INFO: [ app_begin ] --END-- [ RunTime:0.000000s ]
NOTIC: [8192] mysql_connect(): The mysql extension is deprecated and will be removed in the future: use mysqli or PDO instead E:\php\tpshop\ThinkPHP\Library\Think\Session\Driver\Db.class.php 第 96 行.
SQL: SHOW COLUMNS FROM `tp_attribute` [ RunTime:0.0000s ]
SQL: SELECT * FROM `tp_attribute` WHERE `goods_type_id` = 1  [ RunTime:0.0000s ]
INFO: [ app_end ] --START--
INFO: Run Behavior\ShowPageTraceBehavior [ RunTime:0.000000s ]
INFO: [ app_end ] --END-- [ RunTime:0.000000s ]

[ 2016-11-30T17:25:59+08:00 ] 127.0.0.1 /index.php/Admin/Goods/ajaxGetAttrForm/type_id/3
INFO: [ app_begin ] --START--
INFO: Run Behavior\ReadHtmlCacheBehavior [ RunTime:0.000000s ]
INFO: [ app_begin ] --END-- [ RunTime:0.000000s ]
NOTIC: [8192] mysql_connect(): The mysql extension is deprecated and will be removed in the future: use mysqli or PDO instead E:\php\tpshop\ThinkPHP\Library\Think\Session\Driver\Db.class.php 第 96 行.
SQL: SHOW COLUMNS FROM `tp_attribute` [ RunTime:0.0000s ]
SQL: SELECT * FROM `tp_attribute` WHERE `goods_type_id` = 3  [ RunTime:0.0000s ]
INFO: [ app_end ] --START--
INFO: Run Behavior\ShowPageTraceBehavior [ RunTime:0.000000s ]
INFO: [ app_end ] --END-- [ RunTime:0.000000s ]

[ 2016-11-30T17:27:14+08:00 ] 127.0.0.1 /index.php/Admin/Goods/ajaxGetAttrForm/type_id/1
INFO: [ app_begin ] --START--
INFO: Run Behavior\ReadHtmlCacheBehavior [ RunTime:0.000000s ]
INFO: [ app_begin ] --END-- [ RunTime:0.000000s ]
NOTIC: [8192] mysql_connect(): The mysql extension is deprecated and will be removed in the future: use mysqli or PDO instead E:\php\tpshop\ThinkPHP\Library\Think\Session\Driver\Db.class.php 第 96 行.
SQL: SHOW COLUMNS FROM `tp_attribute` [ RunTime:0.0000s ]
SQL: SELECT * FROM `tp_attribute` WHERE `goods_type_id` = 1  [ RunTime:0.0000s ]
INFO: [ app_end ] --START--
INFO: Run Behavior\ShowPageTraceBehavior [ RunTime:0.000000s ]
INFO: [ app_end ] --END-- [ RunTime:0.000000s ]

[ 2016-11-30T17:27:16+08:00 ] 127.0.0.1 /index.php/Admin/Goods/ajaxGetAttrForm/type_id/3
INFO: [ app_begin ] --START--
INFO: Run Behavior\ReadHtmlCacheBehavior [ RunTime:0.000000s ]
INFO: [ app_begin ] --END-- [ RunTime:0.000000s ]
NOTIC: [8192] mysql_connect(): The mysql extension is deprecated and will be removed in the future: use mysqli or PDO instead E:\php\tpshop\ThinkPHP\Library\Think\Session\Driver\Db.class.php 第 96 行.
SQL: SHOW COLUMNS FROM `tp_attribute` [ RunTime:0.0000s ]
SQL: SELECT * FROM `tp_attribute` WHERE `goods_type_id` = 3  [ RunTime:0.0000s ]
INFO: [ app_end ] --START--
INFO: Run Behavior\ShowPageTraceBehavior [ RunTime:0.000000s ]
INFO: [ app_end ] --END-- [ RunTime:0.000000s ]

[ 2016-11-30T17:27:31+08:00 ] 127.0.0.1 /index.php/Admin/Goods/ajaxGetAttrForm/type_id/1
INFO: [ app_begin ] --START--
INFO: Run Behavior\ReadHtmlCacheBehavior [ RunTime:0.000000s ]
INFO: [ app_begin ] --END-- [ RunTime:0.000000s ]
NOTIC: [8192] mysql_connect(): The mysql extension is deprecated and will be removed in the future: use mysqli or PDO instead E:\php\tpshop\ThinkPHP\Library\Think\Session\Driver\Db.class.php 第 96 行.
SQL: SHOW COLUMNS FROM `tp_attribute` [ RunTime:0.0000s ]
SQL: SELECT * FROM `tp_attribute` WHERE `goods_type_id` = 1  [ RunTime:0.0000s ]
INFO: [ app_end ] --START--
INFO: Run Behavior\ShowPageTraceBehavior [ RunTime:0.000000s ]
INFO: [ app_end ] --END-- [ RunTime:0.000000s ]

[ 2016-11-30T17:27:33+08:00 ] 127.0.0.1 /index.php/Admin/Goods/ajaxGetAttrForm/type_id/3
INFO: [ app_begin ] --START--
INFO: Run Behavior\ReadHtmlCacheBehavior [ RunTime:0.000000s ]
INFO: [ app_begin ] --END-- [ RunTime:0.000000s ]
NOTIC: [8192] mysql_connect(): The mysql extension is deprecated and will be removed in the future: use mysqli or PDO instead E:\php\tpshop\ThinkPHP\Library\Think\Session\Driver\Db.class.php 第 96 行.
SQL: SHOW COLUMNS FROM `tp_attribute` [ RunTime:0.0000s ]
SQL: SELECT * FROM `tp_attribute` WHERE `goods_type_id` = 3  [ RunTime:0.0000s ]
INFO: [ app_end ] --START--
INFO: Run Behavior\ShowPageTraceBehavior [ RunTime:0.000000s ]
INFO: [ app_end ] --END-- [ RunTime:0.000000s ]

[ 2016-11-30T17:27:54+08:00 ] 127.0.0.1 /index.php/Admin/Goods/ajaxGetAttrForm/type_id/1
INFO: [ app_begin ] --START--
INFO: Run Behavior\ReadHtmlCacheBehavior [ RunTime:0.000000s ]
INFO: [ app_begin ] --END-- [ RunTime:0.010000s ]
NOTIC: [8192] mysql_connect(): The mysql extension is deprecated and will be removed in the future: use mysqli or PDO instead E:\php\tpshop\ThinkPHP\Library\Think\Session\Driver\Db.class.php 第 96 行.
SQL: SHOW COLUMNS FROM `tp_attribute` [ RunTime:0.0000s ]
SQL: SELECT * FROM `tp_attribute` WHERE `goods_type_id` = 1  [ RunTime:0.0000s ]
INFO: [ app_end ] --START--
INFO: Run Behavior\ShowPageTraceBehavior [ RunTime:0.000000s ]
INFO: [ app_end ] --END-- [ RunTime:0.000000s ]

[ 2016-11-30T17:27:58+08:00 ] 127.0.0.1 /index.php/Admin/Goods/ajaxGetAttrForm/type_id/3
INFO: [ app_begin ] --START--
INFO: Run Behavior\ReadHtmlCacheBehavior [ RunTime:0.000000s ]
INFO: [ app_begin ] --END-- [ RunTime:0.000000s ]
NOTIC: [8192] mysql_connect(): The mysql extension is deprecated and will be removed in the future: use mysqli or PDO instead E:\php\tpshop\ThinkPHP\Library\Think\Session\Driver\Db.class.php 第 96 行.
SQL: SHOW COLUMNS FROM `tp_attribute` [ RunTime:0.0100s ]
SQL: SELECT * FROM `tp_attribute` WHERE `goods_type_id` = 3  [ RunTime:0.0000s ]
INFO: [ app_end ] --START--
INFO: Run Behavior\ShowPageTraceBehavior [ RunTime:0.000000s ]
INFO: [ app_end ] --END-- [ RunTime:0.000000s ]

[ 2016-11-30T17:31:39+08:00 ] 127.0.0.1 /index.php/Admin/Goods/ajaxGetAttrForm/type_id/1
INFO: [ app_begin ] --START--
INFO: Run Behavior\ReadHtmlCacheBehavior [ RunTime:0.000000s ]
INFO: [ app_begin ] --END-- [ RunTime:0.000000s ]
NOTIC: [8192] mysql_connect(): The mysql extension is deprecated and will be removed in the future: use mysqli or PDO instead E:\php\tpshop\ThinkPHP\Library\Think\Session\Driver\Db.class.php 第 96 行.
SQL: SHOW COLUMNS FROM `tp_attribute` [ RunTime:0.0100s ]
SQL: SELECT * FROM `tp_attribute` WHERE `goods_type_id` = 1  [ RunTime:0.0000s ]
INFO: [ app_end ] --START--
INFO: Run Behavior\ShowPageTraceBehavior [ RunTime:0.000000s ]
INFO: [ app_end ] --END-- [ RunTime:0.000000s ]

[ 2016-11-30T17:31:42+08:00 ] 127.0.0.1 /index.php/Admin/Goods/ajaxGetAttrForm/type_id/3
INFO: [ app_begin ] --START--
INFO: Run Behavior\ReadHtmlCacheBehavior [ RunTime:0.000000s ]
INFO: [ app_begin ] --END-- [ RunTime:0.000000s ]
NOTIC: [8192] mysql_connect(): The mysql extension is deprecated and will be removed in the future: use mysqli or PDO instead E:\php\tpshop\ThinkPHP\Library\Think\Session\Driver\Db.class.php 第 96 行.
SQL: SHOW COLUMNS FROM `tp_attribute` [ RunTime:0.0000s ]
SQL: SELECT * FROM `tp_attribute` WHERE `goods_type_id` = 3  [ RunTime:0.0000s ]
INFO: [ app_end ] --START--
INFO: Run Behavior\ShowPageTraceBehavior [ RunTime:0.000000s ]
INFO: [ app_end ] --END-- [ RunTime:0.000000s ]

[ 2016-11-30T17:31:43+08:00 ] 127.0.0.1 /index.php/Admin/Goods/ajaxGetAttrForm/type_id/1
INFO: [ app_begin ] --START--
INFO: Run Behavior\ReadHtmlCacheBehavior [ RunTime:0.000000s ]
INFO: [ app_begin ] --END-- [ RunTime:0.000000s ]
NOTIC: [8192] mysql_connect(): The mysql extension is deprecated and will be removed in the future: use mysqli or PDO instead E:\php\tpshop\ThinkPHP\Library\Think\Session\Driver\Db.class.php 第 96 行.
SQL: SHOW COLUMNS FROM `tp_attribute` [ RunTime:0.0000s ]
SQL: SELECT * FROM `tp_attribute` WHERE `goods_type_id` = 1  [ RunTime:0.0000s ]
INFO: [ app_end ] --START--
INFO: Run Behavior\ShowPageTraceBehavior [ RunTime:0.000000s ]
INFO: [ app_end ] --END-- [ RunTime:0.000000s ]

[ 2016-11-30T17:31:45+08:00 ] 127.0.0.1 /index.php/Admin/Goods/ajaxGetAttrForm/type_id/3
INFO: [ app_begin ] --START--
INFO: Run Behavior\ReadHtmlCacheBehavior [ RunTime:0.000000s ]
INFO: [ app_begin ] --END-- [ RunTime:0.000000s ]
NOTIC: [8192] mysql_connect(): The mysql extension is deprecated and will be removed in the future: use mysqli or PDO instead E:\php\tpshop\ThinkPHP\Library\Think\Session\Driver\Db.class.php 第 96 行.
SQL: SHOW COLUMNS FROM `tp_attribute` [ RunTime:0.0000s ]
SQL: SELECT * FROM `tp_attribute` WHERE `goods_type_id` = 3  [ RunTime:0.0000s ]
INFO: [ app_end ] --START--
INFO: Run Behavior\ShowPageTraceBehavior [ RunTime:0.000000s ]
INFO: [ app_end ] --END-- [ RunTime:0.000000s ]

[ 2016-11-30T17:31:47+08:00 ] 127.0.0.1 /index.php/Admin/Goods/ajaxGetAttrForm/type_id/1
INFO: [ app_begin ] --START--
INFO: Run Behavior\ReadHtmlCacheBehavior [ RunTime:0.000000s ]
INFO: [ app_begin ] --END-- [ RunTime:0.000000s ]
NOTIC: [8192] mysql_connect(): The mysql extension is deprecated and will be removed in the future: use mysqli or PDO instead E:\php\tpshop\ThinkPHP\Library\Think\Session\Driver\Db.class.php 第 96 行.
SQL: SHOW COLUMNS FROM `tp_attribute` [ RunTime:0.0000s ]
SQL: SELECT * FROM `tp_attribute` WHERE `goods_type_id` = 1  [ RunTime:0.0000s ]
INFO: [ app_end ] --START--
INFO: Run Behavior\ShowPageTraceBehavior [ RunTime:0.000000s ]
INFO: [ app_end ] --END-- [ RunTime:0.000000s ]

[ 2016-11-30T17:31:55+08:00 ] 127.0.0.1 /index.php/Admin/Goods/ajaxGetAttrForm/type_id/1
INFO: [ app_begin ] --START--
INFO: Run Behavior\ReadHtmlCacheBehavior [ RunTime:0.000000s ]
INFO: [ app_begin ] --END-- [ RunTime:0.000000s ]
NOTIC: [8192] mysql_connect(): The mysql extension is deprecated and will be removed in the future: use mysqli or PDO instead E:\php\tpshop\ThinkPHP\Library\Think\Session\Driver\Db.class.php 第 96 行.
SQL: SHOW COLUMNS FROM `tp_attribute` [ RunTime:0.0000s ]
SQL: SELECT * FROM `tp_attribute` WHERE `goods_type_id` = 1  [ RunTime:0.0000s ]
INFO: [ app_end ] --START--
INFO: Run Behavior\ShowPageTraceBehavior [ RunTime:0.000000s ]
INFO: [ app_end ] --END-- [ RunTime:0.000000s ]

[ 2016-11-30T17:33:43+08:00 ] 127.0.0.1 /index.php/Admin/Goods/ajaxGetAttrForm/type_id/1
INFO: [ app_begin ] --START--
INFO: Run Behavior\ReadHtmlCacheBehavior [ RunTime:0.000000s ]
INFO: [ app_begin ] --END-- [ RunTime:0.000000s ]
NOTIC: [8192] mysql_connect(): The mysql extension is deprecated and will be removed in the future: use mysqli or PDO instead E:\php\tpshop\ThinkPHP\Library\Think\Session\Driver\Db.class.php 第 96 行.
SQL: SHOW COLUMNS FROM `tp_attribute` [ RunTime:0.0000s ]
SQL: SELECT * FROM `tp_attribute` WHERE `goods_type_id` = 1  [ RunTime:0.0000s ]
INFO: [ app_end ] --START--
INFO: Run Behavior\ShowPageTraceBehavior [ RunTime:0.000000s ]
INFO: [ app_end ] --END-- [ RunTime:0.000000s ]

[ 2016-11-30T17:33:47+08:00 ] 127.0.0.1 /index.php/Admin/Goods/ajaxGetAttrForm/type_id/1
INFO: [ app_begin ] --START--
INFO: Run Behavior\ReadHtmlCacheBehavior [ RunTime:0.000000s ]
INFO: [ app_begin ] --END-- [ RunTime:0.000000s ]
NOTIC: [8192] mysql_connect(): The mysql extension is deprecated and will be removed in the future: use mysqli or PDO instead E:\php\tpshop\ThinkPHP\Library\Think\Session\Driver\Db.class.php 第 96 行.
SQL: SHOW COLUMNS FROM `tp_attribute` [ RunTime:0.0000s ]
SQL: SELECT * FROM `tp_attribute` WHERE `goods_type_id` = 1  [ RunTime:0.0000s ]
INFO: [ app_end ] --START--
INFO: Run Behavior\ShowPageTraceBehavior [ RunTime:0.000000s ]
INFO: [ app_end ] --END-- [ RunTime:0.000000s ]

[ 2016-11-30T17:33:48+08:00 ] 127.0.0.1 /index.php/Admin/Goods/ajaxGetAttrForm/type_id/3
INFO: [ app_begin ] --START--
INFO: Run Behavior\ReadHtmlCacheBehavior [ RunTime:0.000000s ]
INFO: [ app_begin ] --END-- [ RunTime:0.000000s ]
NOTIC: [8192] mysql_connect(): The mysql extension is deprecated and will be removed in the future: use mysqli or PDO instead E:\php\tpshop\ThinkPHP\Library\Think\Session\Driver\Db.class.php 第 96 行.
SQL: SHOW COLUMNS FROM `tp_attribute` [ RunTime:0.0110s ]
SQL: SELECT * FROM `tp_attribute` WHERE `goods_type_id` = 3  [ RunTime:0.0000s ]
INFO: [ app_end ] --START--
INFO: Run Behavior\ShowPageTraceBehavior [ RunTime:0.000000s ]
INFO: [ app_end ] --END-- [ RunTime:0.000000s ]

[ 2016-11-30T17:34:06+08:00 ] 127.0.0.1 /index.php/Admin/Goods/ajaxGetAttrForm/type_id/3
INFO: [ app_begin ] --START--
INFO: Run Behavior\ReadHtmlCacheBehavior [ RunTime:0.000000s ]
INFO: [ app_begin ] --END-- [ RunTime:0.000000s ]
NOTIC: [8192] mysql_connect(): The mysql extension is deprecated and will be removed in the future: use mysqli or PDO instead E:\php\tpshop\ThinkPHP\Library\Think\Session\Driver\Db.class.php 第 96 行.
SQL: SHOW COLUMNS FROM `tp_attribute` [ RunTime:0.0000s ]
SQL: SELECT * FROM `tp_attribute` WHERE `goods_type_id` = 3  [ RunTime:0.0000s ]
INFO: [ app_end ] --START--
INFO: Run Behavior\ShowPageTraceBehavior [ RunTime:0.000000s ]
INFO: [ app_end ] --END-- [ RunTime:0.000000s ]

[ 2016-11-30T17:34:31+08:00 ] 127.0.0.1 /index.php/Admin/Goods/ajaxGetAttrForm/type_id/3
INFO: [ app_begin ] --START--
INFO: Run Behavior\ReadHtmlCacheBehavior [ RunTime:0.000000s ]
INFO: [ app_begin ] --END-- [ RunTime:0.000000s ]
NOTIC: [8192] mysql_connect(): The mysql extension is deprecated and will be removed in the future: use mysqli or PDO instead E:\php\tpshop\ThinkPHP\Library\Think\Session\Driver\Db.class.php 第 96 行.
SQL: SHOW COLUMNS FROM `tp_attribute` [ RunTime:0.0000s ]
SQL: SELECT * FROM `tp_attribute` WHERE `goods_type_id` = 3  [ RunTime:0.0000s ]
INFO: [ app_end ] --START--
INFO: Run Behavior\ShowPageTraceBehavior [ RunTime:0.000000s ]
INFO: [ app_end ] --END-- [ RunTime:0.000000s ]

[ 2016-11-30T17:34:35+08:00 ] 127.0.0.1 /index.php/Admin/Goods/ajaxGetAttrForm/type_id/1
INFO: [ app_begin ] --START--
INFO: Run Behavior\ReadHtmlCacheBehavior [ RunTime:0.000000s ]
INFO: [ app_begin ] --END-- [ RunTime:0.000000s ]
NOTIC: [8192] mysql_connect(): The mysql extension is deprecated and will be removed in the future: use mysqli or PDO instead E:\php\tpshop\ThinkPHP\Library\Think\Session\Driver\Db.class.php 第 96 行.
SQL: SHOW COLUMNS FROM `tp_attribute` [ RunTime:0.0100s ]
SQL: SELECT * FROM `tp_attribute` WHERE `goods_type_id` = 1  [ RunTime:0.0000s ]
INFO: [ app_end ] --START--
INFO: Run Behavior\ShowPageTraceBehavior [ RunTime:0.000000s ]
INFO: [ app_end ] --END-- [ RunTime:0.000000s ]

[ 2016-11-30T17:34:37+08:00 ] 127.0.0.1 /index.php/Admin/Goods/ajaxGetAttrForm/type_id/3
INFO: [ app_begin ] --START--
INFO: Run Behavior\ReadHtmlCacheBehavior [ RunTime:0.000000s ]
INFO: [ app_begin ] --END-- [ RunTime:0.000000s ]
NOTIC: [8192] mysql_connect(): The mysql extension is deprecated and will be removed in the future: use mysqli or PDO instead E:\php\tpshop\ThinkPHP\Library\Think\Session\Driver\Db.class.php 第 96 行.
SQL: SHOW COLUMNS FROM `tp_attribute` [ RunTime:0.0000s ]
SQL: SELECT * FROM `tp_attribute` WHERE `goods_type_id` = 3  [ RunTime:0.0000s ]
INFO: [ app_end ] --START--
INFO: Run Behavior\ShowPageTraceBehavior [ RunTime:0.000000s ]
INFO: [ app_end ] --END-- [ RunTime:0.000000s ]

[ 2016-11-30T17:35:46+08:00 ] 127.0.0.1 /index.php/Admin/Goods/ajaxGetAttrForm/type_id/1
INFO: [ app_begin ] --START--
INFO: Run Behavior\ReadHtmlCacheBehavior [ RunTime:0.000000s ]
INFO: [ app_begin ] --END-- [ RunTime:0.001000s ]
NOTIC: [8192] mysql_connect(): The mysql extension is deprecated and will be removed in the future: use mysqli or PDO instead E:\php\tpshop\ThinkPHP\Library\Think\Session\Driver\Db.class.php 第 96 行.
SQL: SHOW COLUMNS FROM `tp_attribute` [ RunTime:0.0000s ]
SQL: SELECT * FROM `tp_attribute` WHERE `goods_type_id` = 1  [ RunTime:0.0000s ]
INFO: [ app_end ] --START--
INFO: Run Behavior\ShowPageTraceBehavior [ RunTime:0.000000s ]
INFO: [ app_end ] --END-- [ RunTime:0.000000s ]

[ 2016-11-30T17:35:50+08:00 ] 127.0.0.1 /index.php/Admin/Goods/ajaxGetAttrForm/type_id/3
INFO: [ app_begin ] --START--
INFO: Run Behavior\ReadHtmlCacheBehavior [ RunTime:0.000000s ]
INFO: [ app_begin ] --END-- [ RunTime:0.010000s ]
NOTIC: [8192] mysql_connect(): The mysql extension is deprecated and will be removed in the future: use mysqli or PDO instead E:\php\tpshop\ThinkPHP\Library\Think\Session\Driver\Db.class.php 第 96 行.
SQL: SHOW COLUMNS FROM `tp_attribute` [ RunTime:0.0000s ]
SQL: SELECT * FROM `tp_attribute` WHERE `goods_type_id` = 3  [ RunTime:0.0000s ]
INFO: [ app_end ] --START--
INFO: Run Behavior\ShowPageTraceBehavior [ RunTime:0.000000s ]
INFO: [ app_end ] --END-- [ RunTime:0.000000s ]

[ 2016-11-30T17:35:54+08:00 ] 127.0.0.1 /index.php/Admin/Goods/ajaxGetAttrForm/type_id/1
INFO: [ app_begin ] --START--
INFO: Run Behavior\ReadHtmlCacheBehavior [ RunTime:0.000000s ]
INFO: [ app_begin ] --END-- [ RunTime:0.000000s ]
NOTIC: [8192] mysql_connect(): The mysql extension is deprecated and will be removed in the future: use mysqli or PDO instead E:\php\tpshop\ThinkPHP\Library\Think\Session\Driver\Db.class.php 第 96 行.
SQL: SHOW COLUMNS FROM `tp_attribute` [ RunTime:0.0000s ]
SQL: SELECT * FROM `tp_attribute` WHERE `goods_type_id` = 1  [ RunTime:0.0000s ]
INFO: [ app_end ] --START--
INFO: Run Behavior\ShowPageTraceBehavior [ RunTime:0.000000s ]
INFO: [ app_end ] --END-- [ RunTime:0.000000s ]

[ 2016-11-30T17:35:55+08:00 ] 127.0.0.1 /index.php/Admin/Goods/ajaxGetAttrForm/type_id/3
INFO: [ app_begin ] --START--
INFO: Run Behavior\ReadHtmlCacheBehavior [ RunTime:0.000000s ]
INFO: [ app_begin ] --END-- [ RunTime:0.000000s ]
NOTIC: [8192] mysql_connect(): The mysql extension is deprecated and will be removed in the future: use mysqli or PDO instead E:\php\tpshop\ThinkPHP\Library\Think\Session\Driver\Db.class.php 第 96 行.
SQL: SHOW COLUMNS FROM `tp_attribute` [ RunTime:0.0000s ]
SQL: SELECT * FROM `tp_attribute` WHERE `goods_type_id` = 3  [ RunTime:0.0000s ]
INFO: [ app_end ] --START--
INFO: Run Behavior\ShowPageTraceBehavior [ RunTime:0.000000s ]
INFO: [ app_end ] --END-- [ RunTime:0.000000s ]

[ 2016-11-30T17:35:59+08:00 ] 127.0.0.1 /index.php/Admin/Goods/ajaxGetAttrForm/type_id/3
INFO: [ app_begin ] --START--
INFO: Run Behavior\ReadHtmlCacheBehavior [ RunTime:0.000000s ]
INFO: [ app_begin ] --END-- [ RunTime:0.010000s ]
NOTIC: [8192] mysql_connect(): The mysql extension is deprecated and will be removed in the future: use mysqli or PDO instead E:\php\tpshop\ThinkPHP\Library\Think\Session\Driver\Db.class.php 第 96 行.
SQL: SHOW COLUMNS FROM `tp_attribute` [ RunTime:0.0100s ]
SQL: SELECT * FROM `tp_attribute` WHERE `goods_type_id` = 3  [ RunTime:0.0000s ]
INFO: [ app_end ] --START--
INFO: Run Behavior\ShowPageTraceBehavior [ RunTime:0.000000s ]
INFO: [ app_end ] --END-- [ RunTime:0.000000s ]

[ 2016-11-30T17:37:40+08:00 ] 127.0.0.1 /index.php/Admin/Goods/ajaxGetAttrForm/type_id/1
INFO: [ app_begin ] --START--
INFO: Run Behavior\ReadHtmlCacheBehavior [ RunTime:0.000000s ]
INFO: [ app_begin ] --END-- [ RunTime:0.000000s ]
NOTIC: [8192] mysql_connect(): The mysql extension is deprecated and will be removed in the future: use mysqli or PDO instead E:\php\tpshop\ThinkPHP\Library\Think\Session\Driver\Db.class.php 第 96 行.
SQL: SHOW COLUMNS FROM `tp_attribute` [ RunTime:0.0100s ]
SQL: SELECT * FROM `tp_attribute` WHERE `goods_type_id` = 1  [ RunTime:0.0000s ]
INFO: [ app_end ] --START--
INFO: Run Behavior\ShowPageTraceBehavior [ RunTime:0.000000s ]
INFO: [ app_end ] --END-- [ RunTime:0.000000s ]

[ 2016-11-30T17:37:44+08:00 ] 127.0.0.1 /index.php/Admin/Goods/ajaxGetAttrForm/type_id/3
INFO: [ app_begin ] --START--
INFO: Run Behavior\ReadHtmlCacheBehavior [ RunTime:0.000000s ]
INFO: [ app_begin ] --END-- [ RunTime:0.000000s ]
NOTIC: [8192] mysql_connect(): The mysql extension is deprecated and will be removed in the future: use mysqli or PDO instead E:\php\tpshop\ThinkPHP\Library\Think\Session\Driver\Db.class.php 第 96 行.
SQL: SHOW COLUMNS FROM `tp_attribute` [ RunTime:0.0000s ]
SQL: SELECT * FROM `tp_attribute` WHERE `goods_type_id` = 3  [ RunTime:0.0000s ]
INFO: [ app_end ] --START--
INFO: Run Behavior\ShowPageTraceBehavior [ RunTime:0.000000s ]
INFO: [ app_end ] --END-- [ RunTime:0.000000s ]

[ 2016-11-30T17:37:48+08:00 ] 127.0.0.1 /index.php/Admin/Goods/ajaxGetAttrForm/type_id/1
INFO: [ app_begin ] --START--
INFO: Run Behavior\ReadHtmlCacheBehavior [ RunTime:0.000000s ]
INFO: [ app_begin ] --END-- [ RunTime:0.000000s ]
NOTIC: [8192] mysql_connect(): The mysql extension is deprecated and will be removed in the future: use mysqli or PDO instead E:\php\tpshop\ThinkPHP\Library\Think\Session\Driver\Db.class.php 第 96 行.
SQL: SHOW COLUMNS FROM `tp_attribute` [ RunTime:0.0000s ]
SQL: SELECT * FROM `tp_attribute` WHERE `goods_type_id` = 1  [ RunTime:0.0000s ]
INFO: [ app_end ] --START--
INFO: Run Behavior\ShowPageTraceBehavior [ RunTime:0.000000s ]
INFO: [ app_end ] --END-- [ RunTime:0.000000s ]

[ 2016-11-30T17:37:53+08:00 ] 127.0.0.1 /index.php/Admin/Goods/ajaxGetAttrForm/type_id/1
INFO: [ app_begin ] --START--
INFO: Run Behavior\ReadHtmlCacheBehavior [ RunTime:0.000000s ]
INFO: [ app_begin ] --END-- [ RunTime:0.000000s ]
NOTIC: [8192] mysql_connect(): The mysql extension is deprecated and will be removed in the future: use mysqli or PDO instead E:\php\tpshop\ThinkPHP\Library\Think\Session\Driver\Db.class.php 第 96 行.
SQL: SHOW COLUMNS FROM `tp_attribute` [ RunTime:0.0000s ]
SQL: SELECT * FROM `tp_attribute` WHERE `goods_type_id` = 1  [ RunTime:0.0000s ]
INFO: [ app_end ] --START--
INFO: Run Behavior\ShowPageTraceBehavior [ RunTime:0.000000s ]
INFO: [ app_end ] --END-- [ RunTime:0.000000s ]

[ 2016-11-30T17:37:59+08:00 ] 127.0.0.1 /index.php/Admin/Goods/ajaxGetAttrForm/type_id/1
INFO: [ app_begin ] --START--
INFO: Run Behavior\ReadHtmlCacheBehavior [ RunTime:0.000000s ]
INFO: [ app_begin ] --END-- [ RunTime:0.000000s ]
NOTIC: [8192] mysql_connect(): The mysql extension is deprecated and will be removed in the future: use mysqli or PDO instead E:\php\tpshop\ThinkPHP\Library\Think\Session\Driver\Db.class.php 第 96 行.
SQL: SHOW COLUMNS FROM `tp_attribute` [ RunTime:0.0000s ]
SQL: SELECT * FROM `tp_attribute` WHERE `goods_type_id` = 1  [ RunTime:0.0000s ]
INFO: [ app_end ] --START--
INFO: Run Behavior\ShowPageTraceBehavior [ RunTime:0.000000s ]
INFO: [ app_end ] --END-- [ RunTime:0.000000s ]

[ 2016-11-30T17:38:00+08:00 ] 127.0.0.1 /index.php/Admin/Goods/ajaxGetAttrForm/type_id/3
INFO: [ app_begin ] --START--
INFO: Run Behavior\ReadHtmlCacheBehavior [ RunTime:0.000000s ]
INFO: [ app_begin ] --END-- [ RunTime:0.000000s ]
NOTIC: [8192] mysql_connect(): The mysql extension is deprecated and will be removed in the future: use mysqli or PDO instead E:\php\tpshop\ThinkPHP\Library\Think\Session\Driver\Db.class.php 第 96 行.
SQL: SHOW COLUMNS FROM `tp_attribute` [ RunTime:0.0000s ]
SQL: SELECT * FROM `tp_attribute` WHERE `goods_type_id` = 3  [ RunTime:0.0000s ]
INFO: [ app_end ] --START--
INFO: Run Behavior\ShowPageTraceBehavior [ RunTime:0.000000s ]
INFO: [ app_end ] --END-- [ RunTime:0.000000s ]

[ 2016-11-30T17:38:04+08:00 ] 127.0.0.1 /index.php/Admin/Goods/ajaxGetAttrForm/type_id/1
INFO: [ app_begin ] --START--
INFO: Run Behavior\ReadHtmlCacheBehavior [ RunTime:0.000000s ]
INFO: [ app_begin ] --END-- [ RunTime:0.000000s ]
NOTIC: [8192] mysql_connect(): The mysql extension is deprecated and will be removed in the future: use mysqli or PDO instead E:\php\tpshop\ThinkPHP\Library\Think\Session\Driver\Db.class.php 第 96 行.
SQL: SHOW COLUMNS FROM `tp_attribute` [ RunTime:0.0000s ]
SQL: SELECT * FROM `tp_attribute` WHERE `goods_type_id` = 1  [ RunTime:0.0000s ]
INFO: [ app_end ] --START--
INFO: Run Behavior\ShowPageTraceBehavior [ RunTime:0.000000s ]
INFO: [ app_end ] --END-- [ RunTime:0.000000s ]

[ 2016-11-30T17:38:05+08:00 ] 127.0.0.1 /index.php/Admin/Goods/ajaxGetAttrForm/type_id/3
INFO: [ app_begin ] --START--
INFO: Run Behavior\ReadHtmlCacheBehavior [ RunTime:0.000000s ]
INFO: [ app_begin ] --END-- [ RunTime:0.000000s ]
NOTIC: [8192] mysql_connect(): The mysql extension is deprecated and will be removed in the future: use mysqli or PDO instead E:\php\tpshop\ThinkPHP\Library\Think\Session\Driver\Db.class.php 第 96 行.
SQL: SHOW COLUMNS FROM `tp_attribute` [ RunTime:0.0100s ]
SQL: SELECT * FROM `tp_attribute` WHERE `goods_type_id` = 3  [ RunTime:0.0000s ]
INFO: [ app_end ] --START--
INFO: Run Behavior\ShowPageTraceBehavior [ RunTime:0.000000s ]
INFO: [ app_end ] --END-- [ RunTime:0.000000s ]

[ 2016-11-30T17:38:49+08:00 ] 127.0.0.1 /index.php/Admin/Goods/ajaxGetAttrForm/type_id/1
INFO: [ app_begin ] --START--
INFO: Run Behavior\ReadHtmlCacheBehavior [ RunTime:0.000000s ]
INFO: [ app_begin ] --END-- [ RunTime:0.000000s ]
NOTIC: [8192] mysql_connect(): The mysql extension is deprecated and will be removed in the future: use mysqli or PDO instead E:\php\tpshop\ThinkPHP\Library\Think\Session\Driver\Db.class.php 第 96 行.
SQL: SHOW COLUMNS FROM `tp_attribute` [ RunTime:0.0000s ]
SQL: SELECT * FROM `tp_attribute` WHERE `goods_type_id` = 1  [ RunTime:0.0000s ]
INFO: [ app_end ] --START--
INFO: Run Behavior\ShowPageTraceBehavior [ RunTime:0.000000s ]
INFO: [ app_end ] --END-- [ RunTime:0.000000s ]

[ 2016-11-30T17:38:50+08:00 ] 127.0.0.1 /index.php/Admin/Goods/ajaxGetAttrForm/type_id/3
INFO: [ app_begin ] --START--
INFO: Run Behavior\ReadHtmlCacheBehavior [ RunTime:0.000000s ]
INFO: [ app_begin ] --END-- [ RunTime:0.000000s ]
NOTIC: [8192] mysql_connect(): The mysql extension is deprecated and will be removed in the future: use mysqli or PDO instead E:\php\tpshop\ThinkPHP\Library\Think\Session\Driver\Db.class.php 第 96 行.
SQL: SHOW COLUMNS FROM `tp_attribute` [ RunTime:0.0100s ]
SQL: SELECT * FROM `tp_attribute` WHERE `goods_type_id` = 3  [ RunTime:0.0000s ]
INFO: [ app_end ] --START--
INFO: Run Behavior\ShowPageTraceBehavior [ RunTime:0.000000s ]
INFO: [ app_end ] --END-- [ RunTime:0.000000s ]

[ 2016-11-30T17:40:43+08:00 ] 127.0.0.1 /index.php/Admin/Goods/ajaxGetAttrForm/type_id/1
INFO: [ app_begin ] --START--
INFO: Run Behavior\ReadHtmlCacheBehavior [ RunTime:0.000000s ]
INFO: [ app_begin ] --END-- [ RunTime:0.000000s ]
NOTIC: [8192] mysql_connect(): The mysql extension is deprecated and will be removed in the future: use mysqli or PDO instead E:\php\tpshop\ThinkPHP\Library\Think\Session\Driver\Db.class.php 第 96 行.
SQL: SHOW COLUMNS FROM `tp_attribute` [ RunTime:0.0000s ]
SQL: SELECT * FROM `tp_attribute` WHERE `goods_type_id` = 1  [ RunTime:0.0100s ]
INFO: [ app_end ] --START--
INFO: Run Behavior\ShowPageTraceBehavior [ RunTime:0.000000s ]
INFO: [ app_end ] --END-- [ RunTime:0.000000s ]

[ 2016-11-30T17:40:44+08:00 ] 127.0.0.1 /index.php/Admin/Goods/ajaxGetAttrForm/type_id/3
INFO: [ app_begin ] --START--
INFO: Run Behavior\ReadHtmlCacheBehavior [ RunTime:0.000000s ]
INFO: [ app_begin ] --END-- [ RunTime:0.000000s ]
NOTIC: [8192] mysql_connect(): The mysql extension is deprecated and will be removed in the future: use mysqli or PDO instead E:\php\tpshop\ThinkPHP\Library\Think\Session\Driver\Db.class.php 第 96 行.
SQL: SHOW COLUMNS FROM `tp_attribute` [ RunTime:0.0100s ]
SQL: SELECT * FROM `tp_attribute` WHERE `goods_type_id` = 3  [ RunTime:0.0000s ]
INFO: [ app_end ] --START--
INFO: Run Behavior\ShowPageTraceBehavior [ RunTime:0.000000s ]
INFO: [ app_end ] --END-- [ RunTime:0.000000s ]

[ 2016-11-30T17:40:47+08:00 ] 127.0.0.1 /index.php/Admin/Goods/ajaxGetAttrForm/type_id/1
INFO: [ app_begin ] --START--
INFO: Run Behavior\ReadHtmlCacheBehavior [ RunTime:0.000000s ]
INFO: [ app_begin ] --END-- [ RunTime:0.000000s ]
NOTIC: [8192] mysql_connect(): The mysql extension is deprecated and will be removed in the future: use mysqli or PDO instead E:\php\tpshop\ThinkPHP\Library\Think\Session\Driver\Db.class.php 第 96 行.
SQL: SHOW COLUMNS FROM `tp_attribute` [ RunTime:0.0100s ]
SQL: SELECT * FROM `tp_attribute` WHERE `goods_type_id` = 1  [ RunTime:0.0000s ]
INFO: [ app_end ] --START--
INFO: Run Behavior\ShowPageTraceBehavior [ RunTime:0.000000s ]
INFO: [ app_end ] --END-- [ RunTime:0.000000s ]

[ 2016-11-30T17:40:48+08:00 ] 127.0.0.1 /index.php/Admin/Goods/ajaxGetAttrForm/type_id/3
INFO: [ app_begin ] --START--
INFO: Run Behavior\ReadHtmlCacheBehavior [ RunTime:0.000000s ]
INFO: [ app_begin ] --END-- [ RunTime:0.000000s ]
NOTIC: [8192] mysql_connect(): The mysql extension is deprecated and will be removed in the future: use mysqli or PDO instead E:\php\tpshop\ThinkPHP\Library\Think\Session\Driver\Db.class.php 第 96 行.
SQL: SHOW COLUMNS FROM `tp_attribute` [ RunTime:0.0100s ]
SQL: SELECT * FROM `tp_attribute` WHERE `goods_type_id` = 3  [ RunTime:0.0000s ]
INFO: [ app_end ] --START--
INFO: Run Behavior\ShowPageTraceBehavior [ RunTime:0.000000s ]
INFO: [ app_end ] --END-- [ RunTime:0.000000s ]

[ 2016-11-30T17:40:54+08:00 ] 127.0.0.1 /index.php/Admin/Goods/ajaxGetAttrForm/type_id/1
INFO: [ app_begin ] --START--
INFO: Run Behavior\ReadHtmlCacheBehavior [ RunTime:0.000000s ]
INFO: [ app_begin ] --END-- [ RunTime:0.000000s ]
NOTIC: [8192] mysql_connect(): The mysql extension is deprecated and will be removed in the future: use mysqli or PDO instead E:\php\tpshop\ThinkPHP\Library\Think\Session\Driver\Db.class.php 第 96 行.
SQL: SHOW COLUMNS FROM `tp_attribute` [ RunTime:0.0000s ]
SQL: SELECT * FROM `tp_attribute` WHERE `goods_type_id` = 1  [ RunTime:0.0000s ]
INFO: [ app_end ] --START--
INFO: Run Behavior\ShowPageTraceBehavior [ RunTime:0.000000s ]
INFO: [ app_end ] --END-- [ RunTime:0.000000s ]

[ 2016-11-30T17:43:19+08:00 ] 127.0.0.1 /index.php/Admin/Goods/ajaxGetAttrForm/type_id/3
INFO: [ app_begin ] --START--
INFO: Run Behavior\ReadHtmlCacheBehavior [ RunTime:0.000000s ]
INFO: [ app_begin ] --END-- [ RunTime:0.000000s ]
NOTIC: [8192] mysql_connect(): The mysql extension is deprecated and will be removed in the future: use mysqli or PDO instead E:\php\tpshop\ThinkPHP\Library\Think\Session\Driver\Db.class.php 第 96 行.
SQL: SHOW COLUMNS FROM `tp_attribute` [ RunTime:0.0000s ]
SQL: SELECT * FROM `tp_attribute` WHERE `goods_type_id` = 3  [ RunTime:0.0000s ]
INFO: [ app_end ] --START--
INFO: Run Behavior\ShowPageTraceBehavior [ RunTime:0.000000s ]
INFO: [ app_end ] --END-- [ RunTime:0.000000s ]

[ 2016-11-30T17:43:22+08:00 ] 127.0.0.1 /index.php/Admin/Goods/ajaxGetAttrForm/type_id/1
INFO: [ app_begin ] --START--
INFO: Run Behavior\ReadHtmlCacheBehavior [ RunTime:0.000000s ]
INFO: [ app_begin ] --END-- [ RunTime:0.010000s ]
NOTIC: [8192] mysql_connect(): The mysql extension is deprecated and will be removed in the future: use mysqli or PDO instead E:\php\tpshop\ThinkPHP\Library\Think\Session\Driver\Db.class.php 第 96 行.
SQL: SHOW COLUMNS FROM `tp_attribute` [ RunTime:0.0000s ]
SQL: SELECT * FROM `tp_attribute` WHERE `goods_type_id` = 1  [ RunTime:0.0000s ]
INFO: [ app_end ] --START--
INFO: Run Behavior\ShowPageTraceBehavior [ RunTime:0.000000s ]
INFO: [ app_end ] --END-- [ RunTime:0.000000s ]

[ 2016-11-30T17:44:19+08:00 ] 127.0.0.1 /index.php/Admin/Goods/ajaxGetAttrForm/type_id/3
INFO: [ app_begin ] --START--
INFO: Run Behavior\ReadHtmlCacheBehavior [ RunTime:0.000000s ]
INFO: [ app_begin ] --END-- [ RunTime:0.000000s ]
NOTIC: [8192] mysql_connect(): The mysql extension is deprecated and will be removed in the future: use mysqli or PDO instead E:\php\tpshop\ThinkPHP\Library\Think\Session\Driver\Db.class.php 第 96 行.
SQL: SHOW COLUMNS FROM `tp_attribute` [ RunTime:0.0000s ]
SQL: SELECT * FROM `tp_attribute` WHERE `goods_type_id` = 3  [ RunTime:0.0000s ]
INFO: [ app_end ] --START--
INFO: Run Behavior\ShowPageTraceBehavior [ RunTime:0.000000s ]
INFO: [ app_end ] --END-- [ RunTime:0.000000s ]

[ 2016-11-30T17:44:21+08:00 ] 127.0.0.1 /index.php/Admin/Goods/ajaxGetAttrForm/type_id/1
INFO: [ app_begin ] --START--
INFO: Run Behavior\ReadHtmlCacheBehavior [ RunTime:0.010000s ]
INFO: [ app_begin ] --END-- [ RunTime:0.010000s ]
NOTIC: [8192] mysql_connect(): The mysql extension is deprecated and will be removed in the future: use mysqli or PDO instead E:\php\tpshop\ThinkPHP\Library\Think\Session\Driver\Db.class.php 第 96 行.
SQL: SHOW COLUMNS FROM `tp_attribute` [ RunTime:0.0100s ]
SQL: SELECT * FROM `tp_attribute` WHERE `goods_type_id` = 1  [ RunTime:0.0000s ]
INFO: [ app_end ] --START--
INFO: Run Behavior\ShowPageTraceBehavior [ RunTime:0.000000s ]
INFO: [ app_end ] --END-- [ RunTime:0.000000s ]

[ 2016-11-30T17:44:40+08:00 ] 127.0.0.1 /index.php/Admin/Goods/ajaxGetAttrForm/type_id/1
INFO: [ app_begin ] --START--
INFO: Run Behavior\ReadHtmlCacheBehavior [ RunTime:0.000000s ]
INFO: [ app_begin ] --END-- [ RunTime:0.000000s ]
NOTIC: [8192] mysql_connect(): The mysql extension is deprecated and will be removed in the future: use mysqli or PDO instead E:\php\tpshop\ThinkPHP\Library\Think\Session\Driver\Db.class.php 第 96 行.
SQL: SHOW COLUMNS FROM `tp_attribute` [ RunTime:0.0000s ]
SQL: SELECT * FROM `tp_attribute` WHERE `goods_type_id` = 1  [ RunTime:0.0000s ]
INFO: [ app_end ] --START--
INFO: Run Behavior\ShowPageTraceBehavior [ RunTime:0.000000s ]
INFO: [ app_end ] --END-- [ RunTime:0.000000s ]

[ 2016-11-30T17:45:18+08:00 ] 127.0.0.1 /index.php/Admin/Goods/ajaxGetAttrForm/type_id/1
INFO: [ app_begin ] --START--
INFO: Run Behavior\ReadHtmlCacheBehavior [ RunTime:0.000000s ]
INFO: [ app_begin ] --END-- [ RunTime:0.000000s ]
NOTIC: [8192] mysql_connect(): The mysql extension is deprecated and will be removed in the future: use mysqli or PDO instead E:\php\tpshop\ThinkPHP\Library\Think\Session\Driver\Db.class.php 第 96 行.
SQL: SHOW COLUMNS FROM `tp_attribute` [ RunTime:0.0000s ]
SQL: SELECT * FROM `tp_attribute` WHERE `goods_type_id` = 1  [ RunTime:0.0000s ]
INFO: [ app_end ] --START--
INFO: Run Behavior\ShowPageTraceBehavior [ RunTime:0.000000s ]
INFO: [ app_end ] --END-- [ RunTime:0.000000s ]

[ 2016-11-30T17:51:44+08:00 ] 127.0.0.1 /index.php/Admin/Goods/ajaxGetAttrForm/type_id/3
INFO: [ app_begin ] --START--
INFO: Run Behavior\ReadHtmlCacheBehavior [ RunTime:0.000000s ]
INFO: [ app_begin ] --END-- [ RunTime:0.000000s ]
NOTIC: [8192] mysql_connect(): The mysql extension is deprecated and will be removed in the future: use mysqli or PDO instead E:\php\tpshop\ThinkPHP\Library\Think\Session\Driver\Db.class.php 第 96 行.
SQL: SHOW COLUMNS FROM `tp_attribute` [ RunTime:0.0000s ]
SQL: SELECT * FROM `tp_attribute` WHERE `goods_type_id` = 3  [ RunTime:0.0000s ]
INFO: [ app_end ] --START--
INFO: Run Behavior\ShowPageTraceBehavior [ RunTime:0.000000s ]
INFO: [ app_end ] --END-- [ RunTime:0.000000s ]

[ 2016-11-30T17:51:46+08:00 ] 127.0.0.1 /index.php/Admin/Goods/ajaxGetAttrForm/type_id/1
INFO: [ app_begin ] --START--
INFO: Run Behavior\ReadHtmlCacheBehavior [ RunTime:0.000000s ]
INFO: [ app_begin ] --END-- [ RunTime:0.000000s ]
NOTIC: [8192] mysql_connect(): The mysql extension is deprecated and will be removed in the future: use mysqli or PDO instead E:\php\tpshop\ThinkPHP\Library\Think\Session\Driver\Db.class.php 第 96 行.
SQL: SHOW COLUMNS FROM `tp_attribute` [ RunTime:0.0000s ]
SQL: SELECT * FROM `tp_attribute` WHERE `goods_type_id` = 1  [ RunTime:0.0000s ]
INFO: [ app_end ] --START--
INFO: Run Behavior\ShowPageTraceBehavior [ RunTime:0.000000s ]
INFO: [ app_end ] --END-- [ RunTime:0.000000s ]

[ 2016-11-30T17:52:56+08:00 ] 127.0.0.1 /index.php/Admin/Goods/ajaxGetAttrForm/type_id/3
INFO: [ app_begin ] --START--
INFO: Run Behavior\ReadHtmlCacheBehavior [ RunTime:0.000000s ]
INFO: [ app_begin ] --END-- [ RunTime:0.000000s ]
NOTIC: [8192] mysql_connect(): The mysql extension is deprecated and will be removed in the future: use mysqli or PDO instead E:\php\tpshop\ThinkPHP\Library\Think\Session\Driver\Db.class.php 第 96 行.
SQL: SHOW COLUMNS FROM `tp_attribute` [ RunTime:0.0000s ]
SQL: SELECT * FROM `tp_attribute` WHERE `goods_type_id` = 3  [ RunTime:0.0000s ]
INFO: [ app_end ] --START--
INFO: Run Behavior\ShowPageTraceBehavior [ RunTime:0.000000s ]
INFO: [ app_end ] --END-- [ RunTime:0.000000s ]

[ 2016-11-30T17:53:01+08:00 ] 127.0.0.1 /index.php/Admin/Goods/ajaxGetAttrForm/type_id/3
INFO: [ app_begin ] --START--
INFO: Run Behavior\ReadHtmlCacheBehavior [ RunTime:0.002001s ]
INFO: [ app_begin ] --END-- [ RunTime:0.002001s ]
NOTIC: [8192] mysql_connect(): The mysql extension is deprecated and will be removed in the future: use mysqli or PDO instead E:\php\tpshop\ThinkPHP\Library\Think\Session\Driver\Db.class.php 第 96 行.
SQL: SHOW COLUMNS FROM `tp_attribute` [ RunTime:0.0000s ]
SQL: SELECT * FROM `tp_attribute` WHERE `goods_type_id` = 3  [ RunTime:0.0000s ]
INFO: [ app_end ] --START--
INFO: Run Behavior\ShowPageTraceBehavior [ RunTime:0.000000s ]
INFO: [ app_end ] --END-- [ RunTime:0.000000s ]

[ 2016-11-30T17:53:07+08:00 ] 127.0.0.1 /index.php/Admin/Goods/ajaxGetAttrForm/type_id/1
INFO: [ app_begin ] --START--
INFO: Run Behavior\ReadHtmlCacheBehavior [ RunTime:0.001000s ]
INFO: [ app_begin ] --END-- [ RunTime:0.001000s ]
NOTIC: [8192] mysql_connect(): The mysql extension is deprecated and will be removed in the future: use mysqli or PDO instead E:\php\tpshop\ThinkPHP\Library\Think\Session\Driver\Db.class.php 第 96 行.
SQL: SHOW COLUMNS FROM `tp_attribute` [ RunTime:0.0030s ]
SQL: SELECT * FROM `tp_attribute` WHERE `goods_type_id` = 1  [ RunTime:0.0000s ]
INFO: [ app_end ] --START--
INFO: Run Behavior\ShowPageTraceBehavior [ RunTime:0.001000s ]
INFO: [ app_end ] --END-- [ RunTime:0.001000s ]

[ 2016-11-30T17:54:18+08:00 ] 127.0.0.1 /index.php/Admin/Goods/ajaxGetAttrForm/type_id/3
INFO: [ app_begin ] --START--
INFO: Run Behavior\ReadHtmlCacheBehavior [ RunTime:0.000000s ]
INFO: [ app_begin ] --END-- [ RunTime:0.000000s ]
NOTIC: [8192] mysql_connect(): The mysql extension is deprecated and will be removed in the future: use mysqli or PDO instead E:\php\tpshop\ThinkPHP\Library\Think\Session\Driver\Db.class.php 第 96 行.
SQL: SHOW COLUMNS FROM `tp_attribute` [ RunTime:0.0000s ]
SQL: SELECT * FROM `tp_attribute` WHERE `goods_type_id` = 3  [ RunTime:0.0000s ]
INFO: [ app_end ] --START--
INFO: Run Behavior\ShowPageTraceBehavior [ RunTime:0.000000s ]
INFO: [ app_end ] --END-- [ RunTime:0.000000s ]

[ 2016-11-30T17:54:20+08:00 ] 127.0.0.1 /index.php/Admin/Goods/ajaxGetAttrForm/type_id/1
INFO: [ app_begin ] --START--
INFO: Run Behavior\ReadHtmlCacheBehavior [ RunTime:0.000000s ]
INFO: [ app_begin ] --END-- [ RunTime:0.000000s ]
NOTIC: [8192] mysql_connect(): The mysql extension is deprecated and will be removed in the future: use mysqli or PDO instead E:\php\tpshop\ThinkPHP\Library\Think\Session\Driver\Db.class.php 第 96 行.
SQL: SHOW COLUMNS FROM `tp_attribute` [ RunTime:0.0000s ]
SQL: SELECT * FROM `tp_attribute` WHERE `goods_type_id` = 1  [ RunTime:0.0000s ]
INFO: [ app_end ] --START--
INFO: Run Behavior\ShowPageTraceBehavior [ RunTime:0.000000s ]
INFO: [ app_end ] --END-- [ RunTime:0.000000s ]

[ 2016-11-30T17:55:07+08:00 ] 127.0.0.1 /index.php/Admin/Goods/ajaxGetAttrForm/type_id/3
INFO: [ app_begin ] --START--
INFO: Run Behavior\ReadHtmlCacheBehavior [ RunTime:0.000000s ]
INFO: [ app_begin ] --END-- [ RunTime:0.000000s ]
NOTIC: [8192] mysql_connect(): The mysql extension is deprecated and will be removed in the future: use mysqli or PDO instead E:\php\tpshop\ThinkPHP\Library\Think\Session\Driver\Db.class.php 第 96 行.
SQL: SHOW COLUMNS FROM `tp_attribute` [ RunTime:0.0100s ]
SQL: SELECT * FROM `tp_attribute` WHERE `goods_type_id` = 3  [ RunTime:0.0000s ]
INFO: [ app_end ] --START--
INFO: Run Behavior\ShowPageTraceBehavior [ RunTime:0.000000s ]
INFO: [ app_end ] --END-- [ RunTime:0.000000s ]

[ 2016-11-30T17:55:09+08:00 ] 127.0.0.1 /index.php/Admin/Goods/ajaxGetAttrForm/type_id/1
INFO: [ app_begin ] --START--
INFO: Run Behavior\ReadHtmlCacheBehavior [ RunTime:0.000000s ]
INFO: [ app_begin ] --END-- [ RunTime:0.000000s ]
NOTIC: [8192] mysql_connect(): The mysql extension is deprecated and will be removed in the future: use mysqli or PDO instead E:\php\tpshop\ThinkPHP\Library\Think\Session\Driver\Db.class.php 第 96 行.
SQL: SHOW COLUMNS FROM `tp_attribute` [ RunTime:0.0000s ]
SQL: SELECT * FROM `tp_attribute` WHERE `goods_type_id` = 1  [ RunTime:0.0000s ]
INFO: [ app_end ] --START--
INFO: Run Behavior\ShowPageTraceBehavior [ RunTime:0.000000s ]
INFO: [ app_end ] --END-- [ RunTime:0.000000s ]

[ 2016-11-30T17:58:04+08:00 ] 127.0.0.1 /index.php/Admin/Goods/ajaxGetAttrForm/type_id/3
INFO: [ app_begin ] --START--
INFO: Run Behavior\ReadHtmlCacheBehavior [ RunTime:0.000000s ]
INFO: [ app_begin ] --END-- [ RunTime:0.000000s ]
NOTIC: [8192] mysql_connect(): The mysql extension is deprecated and will be removed in the future: use mysqli or PDO instead E:\php\tpshop\ThinkPHP\Library\Think\Session\Driver\Db.class.php 第 96 行.
SQL: SHOW COLUMNS FROM `tp_attribute` [ RunTime:0.0000s ]
SQL: SELECT * FROM `tp_attribute` WHERE `goods_type_id` = 3  [ RunTime:0.0000s ]
INFO: [ app_end ] --START--
INFO: Run Behavior\ShowPageTraceBehavior [ RunTime:0.000000s ]
INFO: [ app_end ] --END-- [ RunTime:0.000000s ]

[ 2016-11-30T17:58:06+08:00 ] 127.0.0.1 /index.php/Admin/Goods/ajaxGetAttrForm/type_id/1
INFO: [ app_begin ] --START--
INFO: Run Behavior\ReadHtmlCacheBehavior [ RunTime:0.000000s ]
INFO: [ app_begin ] --END-- [ RunTime:0.000000s ]
NOTIC: [8192] mysql_connect(): The mysql extension is deprecated and will be removed in the future: use mysqli or PDO instead E:\php\tpshop\ThinkPHP\Library\Think\Session\Driver\Db.class.php 第 96 行.
SQL: SHOW COLUMNS FROM `tp_attribute` [ RunTime:0.0100s ]
SQL: SELECT * FROM `tp_attribute` WHERE `goods_type_id` = 1  [ RunTime:0.0010s ]
INFO: [ app_end ] --START--
INFO: Run Behavior\ShowPageTraceBehavior [ RunTime:0.000000s ]
INFO: [ app_end ] --END-- [ RunTime:0.000000s ]

[ 2016-11-30T17:59:22+08:00 ] 127.0.0.1 /index.php/Admin/Goods/ajaxGetAttrForm/type_id/3
INFO: [ app_begin ] --START--
INFO: Run Behavior\ReadHtmlCacheBehavior [ RunTime:0.000000s ]
INFO: [ app_begin ] --END-- [ RunTime:0.000000s ]
NOTIC: [8192] mysql_connect(): The mysql extension is deprecated and will be removed in the future: use mysqli or PDO instead E:\php\tpshop\ThinkPHP\Library\Think\Session\Driver\Db.class.php 第 96 行.
SQL: SHOW COLUMNS FROM `tp_attribute` [ RunTime:0.0100s ]
SQL: SELECT * FROM `tp_attribute` WHERE `goods_type_id` = 3  [ RunTime:0.0000s ]
INFO: [ app_end ] --START--
INFO: Run Behavior\ShowPageTraceBehavior [ RunTime:0.000000s ]
INFO: [ app_end ] --END-- [ RunTime:0.000000s ]

[ 2016-11-30T17:59:24+08:00 ] 127.0.0.1 /index.php/Admin/Goods/ajaxGetAttrForm/type_id/1
INFO: [ app_begin ] --START--
INFO: Run Behavior\ReadHtmlCacheBehavior [ RunTime:0.000000s ]
INFO: [ app_begin ] --END-- [ RunTime:0.000000s ]
NOTIC: [8192] mysql_connect(): The mysql extension is deprecated and will be removed in the future: use mysqli or PDO instead E:\php\tpshop\ThinkPHP\Library\Think\Session\Driver\Db.class.php 第 96 行.
SQL: SHOW COLUMNS FROM `tp_attribute` [ RunTime:0.0100s ]
SQL: SELECT * FROM `tp_attribute` WHERE `goods_type_id` = 1  [ RunTime:0.0000s ]
INFO: [ app_end ] --START--
INFO: Run Behavior\ShowPageTraceBehavior [ RunTime:0.000000s ]
INFO: [ app_end ] --END-- [ RunTime:0.000000s ]

[ 2016-11-30T18:00:07+08:00 ] 127.0.0.1 /index.php/Admin/Goods/ajaxGetAttrForm/type_id/3
INFO: [ app_begin ] --START--
INFO: Run Behavior\ReadHtmlCacheBehavior [ RunTime:0.000000s ]
INFO: [ app_begin ] --END-- [ RunTime:0.000000s ]
NOTIC: [8192] mysql_connect(): The mysql extension is deprecated and will be removed in the future: use mysqli or PDO instead E:\php\tpshop\ThinkPHP\Library\Think\Session\Driver\Db.class.php 第 96 行.
SQL: SHOW COLUMNS FROM `tp_attribute` [ RunTime:0.0000s ]
SQL: SELECT * FROM `tp_attribute` WHERE `goods_type_id` = 3  [ RunTime:0.0000s ]
INFO: [ app_end ] --START--
INFO: Run Behavior\ShowPageTraceBehavior [ RunTime:0.000000s ]
INFO: [ app_end ] --END-- [ RunTime:0.000000s ]

[ 2016-11-30T18:00:08+08:00 ] 127.0.0.1 /index.php/Admin/Goods/ajaxGetAttrForm/type_id/1
INFO: [ app_begin ] --START--
INFO: Run Behavior\ReadHtmlCacheBehavior [ RunTime:0.000000s ]
INFO: [ app_begin ] --END-- [ RunTime:0.000000s ]
NOTIC: [8192] mysql_connect(): The mysql extension is deprecated and will be removed in the future: use mysqli or PDO instead E:\php\tpshop\ThinkPHP\Library\Think\Session\Driver\Db.class.php 第 96 行.
SQL: SHOW COLUMNS FROM `tp_attribute` [ RunTime:0.0000s ]
SQL: SELECT * FROM `tp_attribute` WHERE `goods_type_id` = 1  [ RunTime:0.0000s ]
INFO: [ app_end ] --START--
INFO: Run Behavior\ShowPageTraceBehavior [ RunTime:0.000000s ]
INFO: [ app_end ] --END-- [ RunTime:0.000000s ]

[ 2016-11-30T18:01:27+08:00 ] 127.0.0.1 /index.php/Admin/Goods/ajaxGetAttrForm/type_id/3
INFO: [ app_begin ] --START--
INFO: Run Behavior\ReadHtmlCacheBehavior [ RunTime:0.000000s ]
INFO: [ app_begin ] --END-- [ RunTime:0.000000s ]
NOTIC: [8192] mysql_connect(): The mysql extension is deprecated and will be removed in the future: use mysqli or PDO instead E:\php\tpshop\ThinkPHP\Library\Think\Session\Driver\Db.class.php 第 96 行.
SQL: SHOW COLUMNS FROM `tp_attribute` [ RunTime:0.0100s ]
SQL: SELECT * FROM `tp_attribute` WHERE `goods_type_id` = 3  [ RunTime:0.0000s ]
INFO: [ app_end ] --START--
INFO: Run Behavior\ShowPageTraceBehavior [ RunTime:0.000000s ]
INFO: [ app_end ] --END-- [ RunTime:0.000000s ]

[ 2016-11-30T18:01:31+08:00 ] 127.0.0.1 /index.php/Admin/Goods/ajaxGetAttrForm/type_id/1
INFO: [ app_begin ] --START--
INFO: Run Behavior\ReadHtmlCacheBehavior [ RunTime:0.010000s ]
INFO: [ app_begin ] --END-- [ RunTime:0.010000s ]
NOTIC: [8192] mysql_connect(): The mysql extension is deprecated and will be removed in the future: use mysqli or PDO instead E:\php\tpshop\ThinkPHP\Library\Think\Session\Driver\Db.class.php 第 96 行.
SQL: SHOW COLUMNS FROM `tp_attribute` [ RunTime:0.0000s ]
SQL: SELECT * FROM `tp_attribute` WHERE `goods_type_id` = 1  [ RunTime:0.0000s ]
INFO: [ app_end ] --START--
INFO: Run Behavior\ShowPageTraceBehavior [ RunTime:0.000000s ]
INFO: [ app_end ] --END-- [ RunTime:0.000000s ]

[ 2016-11-30T18:02:27+08:00 ] 127.0.0.1 /index.php/Admin/Goods/ajaxGetAttrForm/type_id/3
INFO: [ app_begin ] --START--
INFO: Run Behavior\ReadHtmlCacheBehavior [ RunTime:0.010000s ]
INFO: [ app_begin ] --END-- [ RunTime:0.010000s ]
NOTIC: [8192] mysql_connect(): The mysql extension is deprecated and will be removed in the future: use mysqli or PDO instead E:\php\tpshop\ThinkPHP\Library\Think\Session\Driver\Db.class.php 第 96 行.
SQL: SHOW COLUMNS FROM `tp_attribute` [ RunTime:0.0000s ]
SQL: SELECT * FROM `tp_attribute` WHERE `goods_type_id` = 3  [ RunTime:0.0000s ]
INFO: [ app_end ] --START--
INFO: Run Behavior\ShowPageTraceBehavior [ RunTime:0.000000s ]
INFO: [ app_end ] --END-- [ RunTime:0.000000s ]

[ 2016-11-30T18:02:28+08:00 ] 127.0.0.1 /index.php/Admin/Goods/ajaxGetAttrForm/type_id/1
INFO: [ app_begin ] --START--
INFO: Run Behavior\ReadHtmlCacheBehavior [ RunTime:0.000000s ]
INFO: [ app_begin ] --END-- [ RunTime:0.000000s ]
NOTIC: [8192] mysql_connect(): The mysql extension is deprecated and will be removed in the future: use mysqli or PDO instead E:\php\tpshop\ThinkPHP\Library\Think\Session\Driver\Db.class.php 第 96 行.
SQL: SHOW COLUMNS FROM `tp_attribute` [ RunTime:0.0000s ]
SQL: SELECT * FROM `tp_attribute` WHERE `goods_type_id` = 1  [ RunTime:0.0000s ]
INFO: [ app_end ] --START--
INFO: Run Behavior\ShowPageTraceBehavior [ RunTime:0.000000s ]
INFO: [ app_end ] --END-- [ RunTime:0.000000s ]

[ 2016-11-30T18:05:50+08:00 ] 127.0.0.1 /index.php/Admin/Goods/ajaxGetAttrForm/type_id/3
INFO: [ app_begin ] --START--
INFO: Run Behavior\ReadHtmlCacheBehavior [ RunTime:0.000000s ]
INFO: [ app_begin ] --END-- [ RunTime:0.000000s ]
NOTIC: [8192] mysql_connect(): The mysql extension is deprecated and will be removed in the future: use mysqli or PDO instead E:\php\tpshop\ThinkPHP\Library\Think\Session\Driver\Db.class.php 第 96 行.
SQL: SHOW COLUMNS FROM `tp_attribute` [ RunTime:0.0000s ]
SQL: SELECT * FROM `tp_attribute` WHERE `goods_type_id` = 3  [ RunTime:0.0000s ]
INFO: [ app_end ] --START--
INFO: Run Behavior\ShowPageTraceBehavior [ RunTime:0.000000s ]
INFO: [ app_end ] --END-- [ RunTime:0.000000s ]

[ 2016-11-30T18:05:55+08:00 ] 127.0.0.1 /index.php/Admin/Goods/ajaxGetAttrForm/type_id/1
INFO: [ app_begin ] --START--
INFO: Run Behavior\ReadHtmlCacheBehavior [ RunTime:0.000000s ]
INFO: [ app_begin ] --END-- [ RunTime:0.000000s ]
NOTIC: [8192] mysql_connect(): The mysql extension is deprecated and will be removed in the future: use mysqli or PDO instead E:\php\tpshop\ThinkPHP\Library\Think\Session\Driver\Db.class.php 第 96 行.
SQL: SHOW COLUMNS FROM `tp_attribute` [ RunTime:0.0000s ]
SQL: SELECT * FROM `tp_attribute` WHERE `goods_type_id` = 1  [ RunTime:0.0000s ]
INFO: [ app_end ] --START--
INFO: Run Behavior\ShowPageTraceBehavior [ RunTime:0.000000s ]
INFO: [ app_end ] --END-- [ RunTime:0.000000s ]

